{"E:\\Election app\\-ElectionIQ-Your-Interactive-Election-Process-Assistant\\frontend\\postcss.config.js": {"path":"E:\\Election app\\-ElectionIQ-Your-Interactive-Election-Process-Assistant\\frontend\\postcss.config.js","all":true,"statementMap":{"0":{"start":{"line":1,"column":0},"end":{"line":1,"column":16}},"1":{"start":{"line":2,"column":0},"end":{"line":2,"column":12}},"2":{"start":{"line":3,"column":0},"end":{"line":3,"column":20}},"3":{"start":{"line":4,"column":0},"end":{"line":4,"column":21}},"4":{"start":{"line":5,"column":0},"end":{"line":5,"column":4}},"5":{"start":{"line":6,"column":0},"end":{"line":6,"column":2}}},"s":{"0":0,"1":0,"2":0,"3":0,"4":0,"5":0},"branchMap":{"0":{"type":"branch","line":1,"loc":{"start":{"line":1,"column":0},"end":{"line":6,"column":2}},"locations":[{"start":{"line":1,"column":0},"end":{"line":6,"column":2}}]}},"b":{"0":[0]},"fnMap":{"0":{"name":"(empty-report)","decl":{"start":{"line":1,"column":0},"end":{"line":6,"column":2}},"loc":{"start":{"line":1,"column":0},"end":{"line":6,"column":2}},"line":1}},"f":{"0":0}}
,"E:\\Election app\\-ElectionIQ-Your-Interactive-Election-Process-Assistant\\frontend\\tailwind.config.js": {"path":"E:\\Election app\\-ElectionIQ-Your-Interactive-Election-Process-Assistant\\frontend\\tailwind.config.js","all":true,"statementMap":{"0":{"start":{"line":1,"column":0},"end":{"line":1,"column":43}},"1":{"start":{"line":2,"column":0},"end":{"line":2,"column":16}},"2":{"start":{"line":3,"column":0},"end":{"line":3,"column":51}},"3":{"start":{"line":4,"column":0},"end":{"line":4,"column":20}},"4":{"start":{"line":5,"column":0},"end":{"line":5,"column":10}},"5":{"start":{"line":6,"column":0},"end":{"line":6,"column":13}},"6":{"start":{"line":7,"column":0},"end":{"line":7,"column":15}},"7":{"start":{"line":8,"column":0},"end":{"line":8,"column":18}},"8":{"start":{"line":9,"column":0},"end":{"line":9,"column":24}},"9":{"start":{"line":10,"column":0},"end":{"line":10,"column":25}},"10":{"start":{"line":11,"column":0},"end":{"line":11,"column":25}},"11":{"start":{"line":12,"column":0},"end":{"line":12,"column":25}},"12":{"start":{"line":13,"column":0},"end":{"line":13,"column":25}},"13":{"start":{"line":14,"column":0},"end":{"line":14,"column":25}},"14":{"start":{"line":15,"column":0},"end":{"line":15,"column":25}},"15":{"start":{"line":16,"column":0},"end":{"line":16,"column":25}},"16":{"start":{"line":17,"column":0},"end":{"line":17,"column":25}},"17":{"start":{"line":18,"column":0},"end":{"line":18,"column":25}},"18":{"start":{"line":19,"column":0},"end":{"line":19,"column":25}},"19":{"start":{"line":20,"column":0},"end":{"line":20,"column":10}},"20":{"start":{"line":21,"column":0},"end":{"line":21,"column":17}},"21":{"start":{"line":22,"column":0},"end":{"line":22,"column":24}},"22":{"start":{"line":23,"column":0},"end":{"line":23,"column":25}},"23":{"start":{"line":24,"column":0},"end":{"line":24,"column":25}},"24":{"start":{"line":25,"column":0},"end":{"line":25,"column":25}},"25":{"start":{"line":26,"column":0},"end":{"line":26,"column":25}},"26":{"start":{"line":27,"column":0},"end":{"line":27,"column":25}},"27":{"start":{"line":28,"column":0},"end":{"line":28,"column":25}},"28":{"start":{"line":29,"column":0},"end":{"line":29,"column":25}},"29":{"start":{"line":30,"column":0},"end":{"line":30,"column":25}},"30":{"start":{"line":31,"column":0},"end":{"line":31,"column":25}},"31":{"start":{"line":32,"column":0},"end":{"line":32,"column":10}},"32":{"start":{"line":33,"column":0},"end":{"line":33,"column":16}},"33":{"start":{"line":34,"column":0},"end":{"line":34,"column":25}},"34":{"start":{"line":35,"column":0},"end":{"line":35,"column":26}},"35":{"start":{"line":36,"column":0},"end":{"line":36,"column":27}},"36":{"start":{"line":37,"column":0},"end":{"line":37,"column":26}},"37":{"start":{"line":38,"column":0},"end":{"line":38,"column":26}},"38":{"start":{"line":39,"column":0},"end":{"line":39,"column":10}},"39":{"start":{"line":40,"column":0},"end":{"line":40,"column":18}},"40":{"start":{"line":41,"column":0},"end":{"line":41,"column":27}},"41":{"start":{"line":42,"column":0},"end":{"line":42,"column":26}},"42":{"start":{"line":43,"column":0},"end":{"line":43,"column":37}},"43":{"start":{"line":44,"column":0},"end":{"line":44,"column":33}},"44":{"start":{"line":45,"column":0},"end":{"line":45,"column":10}},"45":{"start":{"line":46,"column":0},"end":{"line":46,"column":8}},"46":{"start":{"line":47,"column":0},"end":{"line":47,"column":19}},"47":{"start":{"line":48,"column":0},"end":{"line":48,"column":68}},"48":{"start":{"line":49,"column":0},"end":{"line":49,"column":51}},"49":{"start":{"line":50,"column":0},"end":{"line":50,"column":46}},"50":{"start":{"line":51,"column":0},"end":{"line":51,"column":8}},"51":{"start":{"line":52,"column":0},"end":{"line":52,"column":18}},"52":{"start":{"line":53,"column":0},"end":{"line":53,"column":42}},"53":{"start":{"line":54,"column":0},"end":{"line":54,"column":44}},"54":{"start":{"line":55,"column":0},"end":{"line":55,"column":50}},"55":{"start":{"line":56,"column":0},"end":{"line":56,"column":58}},"56":{"start":{"line":57,"column":0},"end":{"line":57,"column":49}},"57":{"start":{"line":58,"column":0},"end":{"line":58,"column":49}},"58":{"start":{"line":59,"column":0},"end":{"line":59,"column":53}},"59":{"start":{"line":60,"column":0},"end":{"line":60,"column":48}},"60":{"start":{"line":61,"column":0},"end":{"line":61,"column":8}},"61":{"start":{"line":62,"column":0},"end":{"line":62,"column":18}},"62":{"start":{"line":63,"column":0},"end":{"line":63,"column":17}},"63":{"start":{"line":64,"column":0},"end":{"line":64,"column":33}},"64":{"start":{"line":65,"column":0},"end":{"line":65,"column":35}},"65":{"start":{"line":66,"column":0},"end":{"line":66,"column":10}},"66":{"start":{"line":67,"column":0},"end":{"line":67,"column":18}},"67":{"start":{"line":68,"column":0},"end":{"line":68,"column":64}},"68":{"start":{"line":69,"column":0},"end":{"line":69,"column":63}},"69":{"start":{"line":70,"column":0},"end":{"line":70,"column":10}},"70":{"start":{"line":71,"column":0},"end":{"line":71,"column":21}},"71":{"start":{"line":72,"column":0},"end":{"line":72,"column":65}},"72":{"start":{"line":73,"column":0},"end":{"line":73,"column":63}},"73":{"start":{"line":74,"column":0},"end":{"line":74,"column":10}},"74":{"start":{"line":75,"column":0},"end":{"line":75,"column":20}},"75":{"start":{"line":76,"column":0},"end":{"line":76,"column":72}},"76":{"start":{"line":77,"column":0},"end":{"line":77,"column":67}},"77":{"start":{"line":78,"column":0},"end":{"line":78,"column":10}},"78":{"start":{"line":79,"column":0},"end":{"line":79,"column":16}},"79":{"start":{"line":80,"column":0},"end":{"line":80,"column":55}},"80":{"start":{"line":81,"column":0},"end":{"line":81,"column":52}},"81":{"start":{"line":82,"column":0},"end":{"line":82,"column":10}},"82":{"start":{"line":83,"column":0},"end":{"line":83,"column":15}},"83":{"start":{"line":84,"column":0},"end":{"line":84,"column":51}},"84":{"start":{"line":85,"column":0},"end":{"line":85,"column":46}},"85":{"start":{"line":86,"column":0},"end":{"line":86,"column":10}},"86":{"start":{"line":87,"column":0},"end":{"line":87,"column":17}},"87":{"start":{"line":88,"column":0},"end":{"line":88,"column":35}},"88":{"start":{"line":89,"column":0},"end":{"line":89,"column":34}},"89":{"start":{"line":90,"column":0},"end":{"line":90,"column":37}},"90":{"start":{"line":91,"column":0},"end":{"line":91,"column":10}},"91":{"start":{"line":92,"column":0},"end":{"line":92,"column":19}},"92":{"start":{"line":93,"column":0},"end":{"line":93,"column":55}},"93":{"start":{"line":94,"column":0},"end":{"line":94,"column":52}},"94":{"start":{"line":95,"column":0},"end":{"line":95,"column":10}},"95":{"start":{"line":96,"column":0},"end":{"line":96,"column":8}},"96":{"start":{"line":97,"column":0},"end":{"line":97,"column":23}},"97":{"start":{"line":98,"column":0},"end":{"line":98,"column":28}},"98":{"start":{"line":99,"column":0},"end":{"line":99,"column":8}},"99":{"start":{"line":100,"column":0},"end":{"line":100,"column":6}},"100":{"start":{"line":101,"column":0},"end":{"line":101,"column":4}},"101":{"start":{"line":102,"column":0},"end":{"line":102,"column":14}},"102":{"start":{"line":103,"column":0},"end":{"line":103,"column":2}}},"s":{"0":0,"1":0,"2":0,"3":0,"4":0,"5":0,"6":0,"7":0,"8":0,"9":0,"10":0,"11":0,"12":0,"13":0,"14":0,"15":0,"16":0,"17":0,"18":0,"19":0,"20":0,"21":0,"22":0,"23":0,"24":0,"25":0,"26":0,"27":0,"28":0,"29":0,"30":0,"31":0,"32":0,"33":0,"34":0,"35":0,"36":0,"37":0,"38":0,"39":0,"40":0,"41":0,"42":0,"43":0,"44":0,"45":0,"46":0,"47":0,"48":0,"49":0,"50":0,"51":0,"52":0,"53":0,"54":0,"55":0,"56":0,"57":0,"58":0,"59":0,"60":0,"61":0,"62":0,"63":0,"64":0,"65":0,"66":0,"67":0,"68":0,"69":0,"70":0,"71":0,"72":0,"73":0,"74":0,"75":0,"76":0,"77":0,"78":0,"79":0,"80":0,"81":0,"82":0,"83":0,"84":0,"85":0,"86":0,"87":0,"88":0,"89":0,"90":0,"91":0,"92":0,"93":0,"94":0,"95":0,"96":0,"97":0,"98":0,"99":0,"100":0,"101":0,"102":0},"branchMap":{"0":{"type":"branch","line":1,"loc":{"start":{"line":1,"column":0},"end":{"line":103,"column":2}},"locations":[{"start":{"line":1,"column":0},"end":{"line":103,"column":2}}]}},"b":{"0":[0]},"fnMap":{"0":{"name":"(empty-report)","decl":{"start":{"line":1,"column":0},"end":{"line":103,"column":2}},"loc":{"start":{"line":1,"column":0},"end":{"line":103,"column":2}},"line":1}},"f":{"0":0}}
,"E:\\Election app\\-ElectionIQ-Your-Interactive-Election-Process-Assistant\\frontend\\vite.config.js": {"path":"E:\\Election app\\-ElectionIQ-Your-Interactive-Election-Process-Assistant\\frontend\\vite.config.js","all":true,"statementMap":{"0":{"start":{"line":1,"column":0},"end":{"line":1,"column":36}},"1":{"start":{"line":2,"column":0},"end":{"line":2,"column":41}},"2":{"start":{"line":3,"column":0},"end":{"line":3,"column":0}},"3":{"start":{"line":4,"column":0},"end":{"line":4,"column":29}},"4":{"start":{"line":5,"column":0},"end":{"line":5,"column":21}},"5":{"start":{"line":6,"column":0},"end":{"line":6,"column":11}},"6":{"start":{"line":7,"column":0},"end":{"line":7,"column":15}},"7":{"start":{"line":8,"column":0},"end":{"line":8,"column":12}},"8":{"start":{"line":9,"column":0},"end":{"line":9,"column":15}},"9":{"start":{"line":10,"column":0},"end":{"line":10,"column":40}},"10":{"start":{"line":11,"column":0},"end":{"line":11,"column":27}},"11":{"start":{"line":12,"column":0},"end":{"line":12,"column":8}},"12":{"start":{"line":13,"column":0},"end":{"line":13,"column":6}},"13":{"start":{"line":14,"column":0},"end":{"line":14,"column":4}},"14":{"start":{"line":15,"column":0},"end":{"line":15,"column":10}},"15":{"start":{"line":16,"column":0},"end":{"line":16,"column":19}},"16":{"start":{"line":17,"column":0},"end":{"line":17,"column":21}},"17":{"start":{"line":18,"column":0},"end":{"line":18,"column":20}},"18":{"start":{"line":19,"column":0},"end":{"line":19,"column":15}},"19":{"start":{"line":20,"column":0},"end":{"line":20,"column":23}},"20":{"start":{"line":21,"column":0},"end":{"line":21,"column":61}},"21":{"start":{"line":22,"column":0},"end":{"line":22,"column":36}},"22":{"start":{"line":23,"column":0},"end":{"line":23,"column":43}},"23":{"start":{"line":24,"column":0},"end":{"line":24,"column":10}},"24":{"start":{"line":25,"column":0},"end":{"line":25,"column":8}},"25":{"start":{"line":26,"column":0},"end":{"line":26,"column":6}},"26":{"start":{"line":27,"column":0},"end":{"line":27,"column":4}},"27":{"start":{"line":28,"column":0},"end":{"line":28,"column":9}},"28":{"start":{"line":29,"column":0},"end":{"line":29,"column":18}},"29":{"start":{"line":30,"column":0},"end":{"line":30,"column":25}},"30":{"start":{"line":31,"column":0},"end":{"line":31,"column":38}},"31":{"start":{"line":32,"column":0},"end":{"line":32,"column":15}},"32":{"start":{"line":33,"column":0},"end":{"line":33,"column":41}},"33":{"start":{"line":34,"column":0},"end":{"line":34,"column":46}},"34":{"start":{"line":35,"column":0},"end":{"line":35,"column":6}},"35":{"start":{"line":36,"column":0},"end":{"line":36,"column":4}},"36":{"start":{"line":37,"column":0},"end":{"line":37,"column":3}}},"s":{"0":0,"1":0,"2":0,"3":0,"4":0,"5":0,"6":0,"7":0,"8":0,"9":0,"10":0,"11":0,"12":0,"13":0,"14":0,"15":0,"16":0,"17":0,"18":0,"19":0,"20":0,"21":0,"22":0,"23":0,"24":0,"25":0,"26":0,"27":0,"28":0,"29":0,"30":0,"31":0,"32":0,"33":0,"34":0,"35":0,"36":0},"branchMap":{"0":{"type":"branch","line":1,"loc":{"start":{"line":1,"column":0},"end":{"line":37,"column":3}},"locations":[{"start":{"line":1,"column":0},"end":{"line":37,"column":3}}]}},"b":{"0":[0]},"fnMap":{"0":{"name":"(empty-report)","decl":{"start":{"line":1,"column":0},"end":{"line":37,"column":3}},"loc":{"start":{"line":1,"column":0},"end":{"line":37,"column":3}},"line":1}},"f":{"0":0}}
,"E:\\Election app\\-ElectionIQ-Your-Interactive-Election-Process-Assistant\\frontend\\dist\\assets\\index-C2GgGVae.js": {"path":"E:\\Election app\\-ElectionIQ-Your-Interactive-Election-Process-Assistant\\frontend\\dist\\assets\\index-C2GgGVae.js","all":true,"statementMap":{"0":{"start":{"line":1,"column":0},"end":{"line":1,"column":1585}},"1":{"start":{"line":2,"column":0},"end":{"line":2,"column":11}},"2":{"start":{"line":3,"column":0},"end":{"line":3,"column":28}},"3":{"start":{"line":4,"column":0},"end":{"line":4,"column":2}},"4":{"start":{"line":5,"column":0},"end":{"line":5,"column":66}},"5":{"start":{"line":6,"column":0},"end":{"line":6,"column":67}},"6":{"start":{"line":7,"column":0},"end":{"line":7,"column":42}},"7":{"start":{"line":8,"column":0},"end":{"line":8,"column":2}},"8":{"start":{"line":9,"column":0},"end":{"line":9,"column":47}},"9":{"start":{"line":10,"column":0},"end":{"line":10,"column":2}},"10":{"start":{"line":11,"column":0},"end":{"line":11,"column":70}},"11":{"start":{"line":12,"column":0},"end":{"line":12,"column":68}},"12":{"start":{"line":13,"column":0},"end":{"line":13,"column":75}},"13":{"start":{"line":14,"column":0},"end":{"line":14,"column":70}},"14":{"start":{"line":15,"column":0},"end":{"line":15,"column":33}},"15":{"start":{"line":16,"column":0},"end":{"line":16,"column":3139}},"16":{"start":{"line":17,"column":0},"end":{"line":17,"column":11}},"17":{"start":{"line":18,"column":0},"end":{"line":18,"column":28}},"18":{"start":{"line":19,"column":0},"end":{"line":19,"column":2}},"19":{"start":{"line":20,"column":0},"end":{"line":20,"column":66}},"20":{"start":{"line":21,"column":0},"end":{"line":21,"column":67}},"21":{"start":{"line":22,"column":0},"end":{"line":22,"column":42}},"22":{"start":{"line":23,"column":0},"end":{"line":23,"column":2}},"23":{"start":{"line":24,"column":0},"end":{"line":24,"column":47}},"24":{"start":{"line":25,"column":0},"end":{"line":25,"column":2}},"25":{"start":{"line":26,"column":0},"end":{"line":26,"column":70}},"26":{"start":{"line":27,"column":0},"end":{"line":27,"column":68}},"27":{"start":{"line":28,"column":0},"end":{"line":28,"column":75}},"28":{"start":{"line":29,"column":0},"end":{"line":29,"column":70}},"29":{"start":{"line":30,"column":0},"end":{"line":30,"column":33}},"30":{"start":{"line":31,"column":0},"end":{"line":31,"column":172}},"31":{"start":{"line":32,"column":0},"end":{"line":32,"column":11}},"32":{"start":{"line":33,"column":0},"end":{"line":33,"column":28}},"33":{"start":{"line":34,"column":0},"end":{"line":34,"column":2}},"34":{"start":{"line":35,"column":0},"end":{"line":35,"column":66}},"35":{"start":{"line":36,"column":0},"end":{"line":36,"column":67}},"36":{"start":{"line":37,"column":0},"end":{"line":37,"column":42}},"37":{"start":{"line":38,"column":0},"end":{"line":38,"column":2}},"38":{"start":{"line":39,"column":0},"end":{"line":39,"column":47}},"39":{"start":{"line":40,"column":0},"end":{"line":40,"column":2}},"40":{"start":{"line":41,"column":0},"end":{"line":41,"column":70}},"41":{"start":{"line":42,"column":0},"end":{"line":42,"column":68}},"42":{"start":{"line":43,"column":0},"end":{"line":43,"column":75}},"43":{"start":{"line":44,"column":0},"end":{"line":44,"column":70}},"44":{"start":{"line":45,"column":0},"end":{"line":45,"column":33}},"45":{"start":{"line":46,"column":0},"end":{"line":46,"column":679}},"46":{"start":{"line":47,"column":0},"end":{"line":47,"column":11}},"47":{"start":{"line":48,"column":0},"end":{"line":48,"column":28}},"48":{"start":{"line":49,"column":0},"end":{"line":49,"column":2}},"49":{"start":{"line":50,"column":0},"end":{"line":50,"column":66}},"50":{"start":{"line":51,"column":0},"end":{"line":51,"column":67}},"51":{"start":{"line":52,"column":0},"end":{"line":52,"column":42}},"52":{"start":{"line":53,"column":0},"end":{"line":53,"column":2}},"53":{"start":{"line":54,"column":0},"end":{"line":54,"column":47}},"54":{"start":{"line":55,"column":0},"end":{"line":55,"column":2}},"55":{"start":{"line":56,"column":0},"end":{"line":56,"column":70}},"56":{"start":{"line":57,"column":0},"end":{"line":57,"column":68}},"57":{"start":{"line":58,"column":0},"end":{"line":58,"column":75}},"58":{"start":{"line":59,"column":0},"end":{"line":59,"column":70}},"59":{"start":{"line":60,"column":0},"end":{"line":60,"column":33}},"60":{"start":{"line":61,"column":0},"end":{"line":61,"column":273}},"61":{"start":{"line":62,"column":0},"end":{"line":62,"column":11}},"62":{"start":{"line":63,"column":0},"end":{"line":63,"column":28}},"63":{"start":{"line":64,"column":0},"end":{"line":64,"column":2}},"64":{"start":{"line":65,"column":0},"end":{"line":65,"column":66}},"65":{"start":{"line":66,"column":0},"end":{"line":66,"column":67}},"66":{"start":{"line":67,"column":0},"end":{"line":67,"column":42}},"67":{"start":{"line":68,"column":0},"end":{"line":68,"column":2}},"68":{"start":{"line":69,"column":0},"end":{"line":69,"column":47}},"69":{"start":{"line":70,"column":0},"end":{"line":70,"column":2}},"70":{"start":{"line":71,"column":0},"end":{"line":71,"column":70}},"71":{"start":{"line":72,"column":0},"end":{"line":72,"column":68}},"72":{"start":{"line":73,"column":0},"end":{"line":73,"column":75}},"73":{"start":{"line":74,"column":0},"end":{"line":74,"column":70}},"74":{"start":{"line":75,"column":0},"end":{"line":75,"column":33}},"75":{"start":{"line":76,"column":0},"end":{"line":76,"column":1082}},"76":{"start":{"line":77,"column":0},"end":{"line":77,"column":11}},"77":{"start":{"line":78,"column":0},"end":{"line":78,"column":28}},"78":{"start":{"line":79,"column":0},"end":{"line":79,"column":2}},"79":{"start":{"line":80,"column":0},"end":{"line":80,"column":66}},"80":{"start":{"line":81,"column":0},"end":{"line":81,"column":67}},"81":{"start":{"line":82,"column":0},"end":{"line":82,"column":42}},"82":{"start":{"line":83,"column":0},"end":{"line":83,"column":2}},"83":{"start":{"line":84,"column":0},"end":{"line":84,"column":47}},"84":{"start":{"line":85,"column":0},"end":{"line":85,"column":2}},"85":{"start":{"line":86,"column":0},"end":{"line":86,"column":70}},"86":{"start":{"line":87,"column":0},"end":{"line":87,"column":68}},"87":{"start":{"line":88,"column":0},"end":{"line":88,"column":75}},"88":{"start":{"line":89,"column":0},"end":{"line":89,"column":70}},"89":{"start":{"line":90,"column":0},"end":{"line":90,"column":33}},"90":{"start":{"line":91,"column":0},"end":{"line":91,"column":992}},"91":{"start":{"line":92,"column":0},"end":{"line":92,"column":11}},"92":{"start":{"line":93,"column":0},"end":{"line":93,"column":28}},"93":{"start":{"line":94,"column":0},"end":{"line":94,"column":2}},"94":{"start":{"line":95,"column":0},"end":{"line":95,"column":66}},"95":{"start":{"line":96,"column":0},"end":{"line":96,"column":67}},"96":{"start":{"line":97,"column":0},"end":{"line":97,"column":42}},"97":{"start":{"line":98,"column":0},"end":{"line":98,"column":2}},"98":{"start":{"line":99,"column":0},"end":{"line":99,"column":47}},"99":{"start":{"line":100,"column":0},"end":{"line":100,"column":2}},"100":{"start":{"line":101,"column":0},"end":{"line":101,"column":70}},"101":{"start":{"line":102,"column":0},"end":{"line":102,"column":68}},"102":{"start":{"line":103,"column":0},"end":{"line":103,"column":75}},"103":{"start":{"line":104,"column":0},"end":{"line":104,"column":70}},"104":{"start":{"line":105,"column":0},"end":{"line":105,"column":33}},"105":{"start":{"line":106,"column":0},"end":{"line":106,"column":1912}},"106":{"start":{"line":107,"column":0},"end":{"line":107,"column":11}},"107":{"start":{"line":108,"column":0},"end":{"line":108,"column":28}},"108":{"start":{"line":109,"column":0},"end":{"line":109,"column":2}},"109":{"start":{"line":110,"column":0},"end":{"line":110,"column":66}},"110":{"start":{"line":111,"column":0},"end":{"line":111,"column":67}},"111":{"start":{"line":112,"column":0},"end":{"line":112,"column":42}},"112":{"start":{"line":113,"column":0},"end":{"line":113,"column":2}},"113":{"start":{"line":114,"column":0},"end":{"line":114,"column":47}},"114":{"start":{"line":115,"column":0},"end":{"line":115,"column":2}},"115":{"start":{"line":116,"column":0},"end":{"line":116,"column":70}},"116":{"start":{"line":117,"column":0},"end":{"line":117,"column":68}},"117":{"start":{"line":118,"column":0},"end":{"line":118,"column":75}},"118":{"start":{"line":119,"column":0},"end":{"line":119,"column":70}},"119":{"start":{"line":120,"column":0},"end":{"line":120,"column":33}},"120":{"start":{"line":121,"column":0},"end":{"line":121,"column":478}},"121":{"start":{"line":122,"column":0},"end":{"line":122,"column":11}},"122":{"start":{"line":123,"column":0},"end":{"line":123,"column":28}},"123":{"start":{"line":124,"column":0},"end":{"line":124,"column":2}},"124":{"start":{"line":125,"column":0},"end":{"line":125,"column":66}},"125":{"start":{"line":126,"column":0},"end":{"line":126,"column":67}},"126":{"start":{"line":127,"column":0},"end":{"line":127,"column":42}},"127":{"start":{"line":128,"column":0},"end":{"line":128,"column":2}},"128":{"start":{"line":129,"column":0},"end":{"line":129,"column":47}},"129":{"start":{"line":130,"column":0},"end":{"line":130,"column":2}},"130":{"start":{"line":131,"column":0},"end":{"line":131,"column":70}},"131":{"start":{"line":132,"column":0},"end":{"line":132,"column":68}},"132":{"start":{"line":133,"column":0},"end":{"line":133,"column":75}},"133":{"start":{"line":134,"column":0},"end":{"line":134,"column":70}},"134":{"start":{"line":135,"column":0},"end":{"line":135,"column":33}},"135":{"start":{"line":136,"column":0},"end":{"line":136,"column":27}},"136":{"start":{"line":137,"column":0},"end":{"line":137,"column":11}},"137":{"start":{"line":138,"column":0},"end":{"line":138,"column":28}},"138":{"start":{"line":139,"column":0},"end":{"line":139,"column":2}},"139":{"start":{"line":140,"column":0},"end":{"line":140,"column":66}},"140":{"start":{"line":141,"column":0},"end":{"line":141,"column":67}},"141":{"start":{"line":142,"column":0},"end":{"line":142,"column":42}},"142":{"start":{"line":143,"column":0},"end":{"line":143,"column":2}},"143":{"start":{"line":144,"column":0},"end":{"line":144,"column":47}},"144":{"start":{"line":145,"column":0},"end":{"line":145,"column":2}},"145":{"start":{"line":146,"column":0},"end":{"line":146,"column":70}},"146":{"start":{"line":147,"column":0},"end":{"line":147,"column":68}},"147":{"start":{"line":148,"column":0},"end":{"line":148,"column":75}},"148":{"start":{"line":149,"column":0},"end":{"line":149,"column":70}},"149":{"start":{"line":150,"column":0},"end":{"line":150,"column":33}},"150":{"start":{"line":151,"column":0},"end":{"line":151,"column":3361}},"151":{"start":{"line":152,"column":0},"end":{"line":152,"column":11}},"152":{"start":{"line":153,"column":0},"end":{"line":153,"column":28}},"153":{"start":{"line":154,"column":0},"end":{"line":154,"column":2}},"154":{"start":{"line":155,"column":0},"end":{"line":155,"column":66}},"155":{"start":{"line":156,"column":0},"end":{"line":156,"column":67}},"156":{"start":{"line":157,"column":0},"end":{"line":157,"column":42}},"157":{"start":{"line":158,"column":0},"end":{"line":158,"column":2}},"158":{"start":{"line":159,"column":0},"end":{"line":159,"column":47}},"159":{"start":{"line":160,"column":0},"end":{"line":160,"column":2}},"160":{"start":{"line":161,"column":0},"end":{"line":161,"column":70}},"161":{"start":{"line":162,"column":0},"end":{"line":162,"column":68}},"162":{"start":{"line":163,"column":0},"end":{"line":163,"column":75}},"163":{"start":{"line":164,"column":0},"end":{"line":164,"column":70}},"164":{"start":{"line":165,"column":0},"end":{"line":165,"column":33}},"165":{"start":{"line":166,"column":0},"end":{"line":166,"column":544}},"166":{"start":{"line":167,"column":0},"end":{"line":167,"column":11}},"167":{"start":{"line":168,"column":0},"end":{"line":168,"column":28}},"168":{"start":{"line":169,"column":0},"end":{"line":169,"column":2}},"169":{"start":{"line":170,"column":0},"end":{"line":170,"column":66}},"170":{"start":{"line":171,"column":0},"end":{"line":171,"column":67}},"171":{"start":{"line":172,"column":0},"end":{"line":172,"column":42}},"172":{"start":{"line":173,"column":0},"end":{"line":173,"column":2}},"173":{"start":{"line":174,"column":0},"end":{"line":174,"column":47}},"174":{"start":{"line":175,"column":0},"end":{"line":175,"column":2}},"175":{"start":{"line":176,"column":0},"end":{"line":176,"column":70}},"176":{"start":{"line":177,"column":0},"end":{"line":177,"column":68}},"177":{"start":{"line":178,"column":0},"end":{"line":178,"column":75}},"178":{"start":{"line":179,"column":0},"end":{"line":179,"column":70}},"179":{"start":{"line":180,"column":0},"end":{"line":180,"column":33}},"180":{"start":{"line":181,"column":0},"end":{"line":181,"column":4800}},"181":{"start":{"line":182,"column":0},"end":{"line":182,"column":11}},"182":{"start":{"line":183,"column":0},"end":{"line":183,"column":28}},"183":{"start":{"line":184,"column":0},"end":{"line":184,"column":2}},"184":{"start":{"line":185,"column":0},"end":{"line":185,"column":66}},"185":{"start":{"line":186,"column":0},"end":{"line":186,"column":67}},"186":{"start":{"line":187,"column":0},"end":{"line":187,"column":42}},"187":{"start":{"line":188,"column":0},"end":{"line":188,"column":2}},"188":{"start":{"line":189,"column":0},"end":{"line":189,"column":47}},"189":{"start":{"line":190,"column":0},"end":{"line":190,"column":2}},"190":{"start":{"line":191,"column":0},"end":{"line":191,"column":70}},"191":{"start":{"line":192,"column":0},"end":{"line":192,"column":68}},"192":{"start":{"line":193,"column":0},"end":{"line":193,"column":75}},"193":{"start":{"line":194,"column":0},"end":{"line":194,"column":70}},"194":{"start":{"line":195,"column":0},"end":{"line":195,"column":33}},"195":{"start":{"line":196,"column":0},"end":{"line":196,"column":348}},"196":{"start":{"line":197,"column":0},"end":{"line":197,"column":11}},"197":{"start":{"line":198,"column":0},"end":{"line":198,"column":28}},"198":{"start":{"line":199,"column":0},"end":{"line":199,"column":2}},"199":{"start":{"line":200,"column":0},"end":{"line":200,"column":66}},"200":{"start":{"line":201,"column":0},"end":{"line":201,"column":67}},"201":{"start":{"line":202,"column":0},"end":{"line":202,"column":42}},"202":{"start":{"line":203,"column":0},"end":{"line":203,"column":2}},"203":{"start":{"line":204,"column":0},"end":{"line":204,"column":47}},"204":{"start":{"line":205,"column":0},"end":{"line":205,"column":2}},"205":{"start":{"line":206,"column":0},"end":{"line":206,"column":70}},"206":{"start":{"line":207,"column":0},"end":{"line":207,"column":68}},"207":{"start":{"line":208,"column":0},"end":{"line":208,"column":75}},"208":{"start":{"line":209,"column":0},"end":{"line":209,"column":70}},"209":{"start":{"line":210,"column":0},"end":{"line":210,"column":33}},"210":{"start":{"line":211,"column":0},"end":{"line":211,"column":783}},"211":{"start":{"line":212,"column":0},"end":{"line":212,"column":11}},"212":{"start":{"line":213,"column":0},"end":{"line":213,"column":28}},"213":{"start":{"line":214,"column":0},"end":{"line":214,"column":2}},"214":{"start":{"line":215,"column":0},"end":{"line":215,"column":66}},"215":{"start":{"line":216,"column":0},"end":{"line":216,"column":67}},"216":{"start":{"line":217,"column":0},"end":{"line":217,"column":42}},"217":{"start":{"line":218,"column":0},"end":{"line":218,"column":2}},"218":{"start":{"line":219,"column":0},"end":{"line":219,"column":47}},"219":{"start":{"line":220,"column":0},"end":{"line":220,"column":2}},"220":{"start":{"line":221,"column":0},"end":{"line":221,"column":70}},"221":{"start":{"line":222,"column":0},"end":{"line":222,"column":68}},"222":{"start":{"line":223,"column":0},"end":{"line":223,"column":75}},"223":{"start":{"line":224,"column":0},"end":{"line":224,"column":70}},"224":{"start":{"line":225,"column":0},"end":{"line":225,"column":33}},"225":{"start":{"line":226,"column":0},"end":{"line":226,"column":611}},"226":{"start":{"line":227,"column":0},"end":{"line":227,"column":11}},"227":{"start":{"line":228,"column":0},"end":{"line":228,"column":28}},"228":{"start":{"line":229,"column":0},"end":{"line":229,"column":2}},"229":{"start":{"line":230,"column":0},"end":{"line":230,"column":66}},"230":{"start":{"line":231,"column":0},"end":{"line":231,"column":67}},"231":{"start":{"line":232,"column":0},"end":{"line":232,"column":42}},"232":{"start":{"line":233,"column":0},"end":{"line":233,"column":2}},"233":{"start":{"line":234,"column":0},"end":{"line":234,"column":47}},"234":{"start":{"line":235,"column":0},"end":{"line":235,"column":2}},"235":{"start":{"line":236,"column":0},"end":{"line":236,"column":70}},"236":{"start":{"line":237,"column":0},"end":{"line":237,"column":68}},"237":{"start":{"line":238,"column":0},"end":{"line":238,"column":75}},"238":{"start":{"line":239,"column":0},"end":{"line":239,"column":70}},"239":{"start":{"line":240,"column":0},"end":{"line":240,"column":33}},"240":{"start":{"line":241,"column":0},"end":{"line":241,"column":587}},"241":{"start":{"line":242,"column":0},"end":{"line":242,"column":11}},"242":{"start":{"line":243,"column":0},"end":{"line":243,"column":28}},"243":{"start":{"line":244,"column":0},"end":{"line":244,"column":2}},"244":{"start":{"line":245,"column":0},"end":{"line":245,"column":66}},"245":{"start":{"line":246,"column":0},"end":{"line":246,"column":67}},"246":{"start":{"line":247,"column":0},"end":{"line":247,"column":42}},"247":{"start":{"line":248,"column":0},"end":{"line":248,"column":2}},"248":{"start":{"line":249,"column":0},"end":{"line":249,"column":47}},"249":{"start":{"line":250,"column":0},"end":{"line":250,"column":2}},"250":{"start":{"line":251,"column":0},"end":{"line":251,"column":70}},"251":{"start":{"line":252,"column":0},"end":{"line":252,"column":68}},"252":{"start":{"line":253,"column":0},"end":{"line":253,"column":75}},"253":{"start":{"line":254,"column":0},"end":{"line":254,"column":70}},"254":{"start":{"line":255,"column":0},"end":{"line":255,"column":33}},"255":{"start":{"line":256,"column":0},"end":{"line":256,"column":1285}},"256":{"start":{"line":257,"column":0},"end":{"line":257,"column":11}},"257":{"start":{"line":258,"column":0},"end":{"line":258,"column":28}},"258":{"start":{"line":259,"column":0},"end":{"line":259,"column":2}},"259":{"start":{"line":260,"column":0},"end":{"line":260,"column":66}},"260":{"start":{"line":261,"column":0},"end":{"line":261,"column":67}},"261":{"start":{"line":262,"column":0},"end":{"line":262,"column":42}},"262":{"start":{"line":263,"column":0},"end":{"line":263,"column":2}},"263":{"start":{"line":264,"column":0},"end":{"line":264,"column":47}},"264":{"start":{"line":265,"column":0},"end":{"line":265,"column":2}},"265":{"start":{"line":266,"column":0},"end":{"line":266,"column":70}},"266":{"start":{"line":267,"column":0},"end":{"line":267,"column":68}},"267":{"start":{"line":268,"column":0},"end":{"line":268,"column":75}},"268":{"start":{"line":269,"column":0},"end":{"line":269,"column":70}},"269":{"start":{"line":270,"column":0},"end":{"line":270,"column":33}},"270":{"start":{"line":271,"column":0},"end":{"line":271,"column":853}},"271":{"start":{"line":272,"column":0},"end":{"line":272,"column":11}},"272":{"start":{"line":273,"column":0},"end":{"line":273,"column":28}},"273":{"start":{"line":274,"column":0},"end":{"line":274,"column":2}},"274":{"start":{"line":275,"column":0},"end":{"line":275,"column":66}},"275":{"start":{"line":276,"column":0},"end":{"line":276,"column":67}},"276":{"start":{"line":277,"column":0},"end":{"line":277,"column":42}},"277":{"start":{"line":278,"column":0},"end":{"line":278,"column":2}},"278":{"start":{"line":279,"column":0},"end":{"line":279,"column":47}},"279":{"start":{"line":280,"column":0},"end":{"line":280,"column":2}},"280":{"start":{"line":281,"column":0},"end":{"line":281,"column":70}},"281":{"start":{"line":282,"column":0},"end":{"line":282,"column":68}},"282":{"start":{"line":283,"column":0},"end":{"line":283,"column":75}},"283":{"start":{"line":284,"column":0},"end":{"line":284,"column":70}},"284":{"start":{"line":285,"column":0},"end":{"line":285,"column":33}},"285":{"start":{"line":286,"column":0},"end":{"line":286,"column":1143}},"286":{"start":{"line":287,"column":0},"end":{"line":287,"column":11}},"287":{"start":{"line":288,"column":0},"end":{"line":288,"column":28}},"288":{"start":{"line":289,"column":0},"end":{"line":289,"column":2}},"289":{"start":{"line":290,"column":0},"end":{"line":290,"column":66}},"290":{"start":{"line":291,"column":0},"end":{"line":291,"column":67}},"291":{"start":{"line":292,"column":0},"end":{"line":292,"column":42}},"292":{"start":{"line":293,"column":0},"end":{"line":293,"column":2}},"293":{"start":{"line":294,"column":0},"end":{"line":294,"column":47}},"294":{"start":{"line":295,"column":0},"end":{"line":295,"column":2}},"295":{"start":{"line":296,"column":0},"end":{"line":296,"column":70}},"296":{"start":{"line":297,"column":0},"end":{"line":297,"column":68}},"297":{"start":{"line":298,"column":0},"end":{"line":298,"column":75}},"298":{"start":{"line":299,"column":0},"end":{"line":299,"column":70}},"299":{"start":{"line":300,"column":0},"end":{"line":300,"column":33}},"300":{"start":{"line":301,"column":0},"end":{"line":301,"column":898}},"301":{"start":{"line":302,"column":0},"end":{"line":302,"column":11}},"302":{"start":{"line":303,"column":0},"end":{"line":303,"column":28}},"303":{"start":{"line":304,"column":0},"end":{"line":304,"column":2}},"304":{"start":{"line":305,"column":0},"end":{"line":305,"column":66}},"305":{"start":{"line":306,"column":0},"end":{"line":306,"column":67}},"306":{"start":{"line":307,"column":0},"end":{"line":307,"column":42}},"307":{"start":{"line":308,"column":0},"end":{"line":308,"column":2}},"308":{"start":{"line":309,"column":0},"end":{"line":309,"column":47}},"309":{"start":{"line":310,"column":0},"end":{"line":310,"column":2}},"310":{"start":{"line":311,"column":0},"end":{"line":311,"column":70}},"311":{"start":{"line":312,"column":0},"end":{"line":312,"column":68}},"312":{"start":{"line":313,"column":0},"end":{"line":313,"column":75}},"313":{"start":{"line":314,"column":0},"end":{"line":314,"column":70}},"314":{"start":{"line":315,"column":0},"end":{"line":315,"column":33}},"315":{"start":{"line":316,"column":0},"end":{"line":316,"column":2901}},"316":{"start":{"line":317,"column":0},"end":{"line":317,"column":11}},"317":{"start":{"line":318,"column":0},"end":{"line":318,"column":28}},"318":{"start":{"line":319,"column":0},"end":{"line":319,"column":2}},"319":{"start":{"line":320,"column":0},"end":{"line":320,"column":66}},"320":{"start":{"line":321,"column":0},"end":{"line":321,"column":67}},"321":{"start":{"line":322,"column":0},"end":{"line":322,"column":42}},"322":{"start":{"line":323,"column":0},"end":{"line":323,"column":2}},"323":{"start":{"line":324,"column":0},"end":{"line":324,"column":47}},"324":{"start":{"line":325,"column":0},"end":{"line":325,"column":2}},"325":{"start":{"line":326,"column":0},"end":{"line":326,"column":70}},"326":{"start":{"line":327,"column":0},"end":{"line":327,"column":68}},"327":{"start":{"line":328,"column":0},"end":{"line":328,"column":75}},"328":{"start":{"line":329,"column":0},"end":{"line":329,"column":70}},"329":{"start":{"line":330,"column":0},"end":{"line":330,"column":33}},"330":{"start":{"line":331,"column":0},"end":{"line":331,"column":208}},"331":{"start":{"line":332,"column":0},"end":{"line":332,"column":11}},"332":{"start":{"line":333,"column":0},"end":{"line":333,"column":28}},"333":{"start":{"line":334,"column":0},"end":{"line":334,"column":2}},"334":{"start":{"line":335,"column":0},"end":{"line":335,"column":66}},"335":{"start":{"line":336,"column":0},"end":{"line":336,"column":67}},"336":{"start":{"line":337,"column":0},"end":{"line":337,"column":42}},"337":{"start":{"line":338,"column":0},"end":{"line":338,"column":2}},"338":{"start":{"line":339,"column":0},"end":{"line":339,"column":47}},"339":{"start":{"line":340,"column":0},"end":{"line":340,"column":2}},"340":{"start":{"line":341,"column":0},"end":{"line":341,"column":70}},"341":{"start":{"line":342,"column":0},"end":{"line":342,"column":68}},"342":{"start":{"line":343,"column":0},"end":{"line":343,"column":75}},"343":{"start":{"line":344,"column":0},"end":{"line":344,"column":70}},"344":{"start":{"line":345,"column":0},"end":{"line":345,"column":33}},"345":{"start":{"line":346,"column":0},"end":{"line":346,"column":647}},"346":{"start":{"line":347,"column":0},"end":{"line":347,"column":11}},"347":{"start":{"line":348,"column":0},"end":{"line":348,"column":28}},"348":{"start":{"line":349,"column":0},"end":{"line":349,"column":2}},"349":{"start":{"line":350,"column":0},"end":{"line":350,"column":66}},"350":{"start":{"line":351,"column":0},"end":{"line":351,"column":67}},"351":{"start":{"line":352,"column":0},"end":{"line":352,"column":42}},"352":{"start":{"line":353,"column":0},"end":{"line":353,"column":2}},"353":{"start":{"line":354,"column":0},"end":{"line":354,"column":47}},"354":{"start":{"line":355,"column":0},"end":{"line":355,"column":2}},"355":{"start":{"line":356,"column":0},"end":{"line":356,"column":70}},"356":{"start":{"line":357,"column":0},"end":{"line":357,"column":68}},"357":{"start":{"line":358,"column":0},"end":{"line":358,"column":75}},"358":{"start":{"line":359,"column":0},"end":{"line":359,"column":70}},"359":{"start":{"line":360,"column":0},"end":{"line":360,"column":33}},"360":{"start":{"line":361,"column":0},"end":{"line":361,"column":194}},"361":{"start":{"line":362,"column":0},"end":{"line":362,"column":11}},"362":{"start":{"line":363,"column":0},"end":{"line":363,"column":28}},"363":{"start":{"line":364,"column":0},"end":{"line":364,"column":2}},"364":{"start":{"line":365,"column":0},"end":{"line":365,"column":66}},"365":{"start":{"line":366,"column":0},"end":{"line":366,"column":67}},"366":{"start":{"line":367,"column":0},"end":{"line":367,"column":42}},"367":{"start":{"line":368,"column":0},"end":{"line":368,"column":2}},"368":{"start":{"line":369,"column":0},"end":{"line":369,"column":47}},"369":{"start":{"line":370,"column":0},"end":{"line":370,"column":2}},"370":{"start":{"line":371,"column":0},"end":{"line":371,"column":70}},"371":{"start":{"line":372,"column":0},"end":{"line":372,"column":68}},"372":{"start":{"line":373,"column":0},"end":{"line":373,"column":75}},"373":{"start":{"line":374,"column":0},"end":{"line":374,"column":70}},"374":{"start":{"line":375,"column":0},"end":{"line":375,"column":33}},"375":{"start":{"line":376,"column":0},"end":{"line":376,"column":950}},"376":{"start":{"line":377,"column":0},"end":{"line":377,"column":11}},"377":{"start":{"line":378,"column":0},"end":{"line":378,"column":28}},"378":{"start":{"line":379,"column":0},"end":{"line":379,"column":2}},"379":{"start":{"line":380,"column":0},"end":{"line":380,"column":66}},"380":{"start":{"line":381,"column":0},"end":{"line":381,"column":67}},"381":{"start":{"line":382,"column":0},"end":{"line":382,"column":42}},"382":{"start":{"line":383,"column":0},"end":{"line":383,"column":2}},"383":{"start":{"line":384,"column":0},"end":{"line":384,"column":47}},"384":{"start":{"line":385,"column":0},"end":{"line":385,"column":2}},"385":{"start":{"line":386,"column":0},"end":{"line":386,"column":70}},"386":{"start":{"line":387,"column":0},"end":{"line":387,"column":68}},"387":{"start":{"line":388,"column":0},"end":{"line":388,"column":75}},"388":{"start":{"line":389,"column":0},"end":{"line":389,"column":70}},"389":{"start":{"line":390,"column":0},"end":{"line":390,"column":33}},"390":{"start":{"line":391,"column":0},"end":{"line":391,"column":267}},"391":{"start":{"line":392,"column":0},"end":{"line":392,"column":11}},"392":{"start":{"line":393,"column":0},"end":{"line":393,"column":28}},"393":{"start":{"line":394,"column":0},"end":{"line":394,"column":2}},"394":{"start":{"line":395,"column":0},"end":{"line":395,"column":66}},"395":{"start":{"line":396,"column":0},"end":{"line":396,"column":67}},"396":{"start":{"line":397,"column":0},"end":{"line":397,"column":42}},"397":{"start":{"line":398,"column":0},"end":{"line":398,"column":2}},"398":{"start":{"line":399,"column":0},"end":{"line":399,"column":47}},"399":{"start":{"line":400,"column":0},"end":{"line":400,"column":2}},"400":{"start":{"line":401,"column":0},"end":{"line":401,"column":70}},"401":{"start":{"line":402,"column":0},"end":{"line":402,"column":68}},"402":{"start":{"line":403,"column":0},"end":{"line":403,"column":75}},"403":{"start":{"line":404,"column":0},"end":{"line":404,"column":70}},"404":{"start":{"line":405,"column":0},"end":{"line":405,"column":33}},"405":{"start":{"line":406,"column":0},"end":{"line":406,"column":298}},"406":{"start":{"line":407,"column":0},"end":{"line":407,"column":11}},"407":{"start":{"line":408,"column":0},"end":{"line":408,"column":28}},"408":{"start":{"line":409,"column":0},"end":{"line":409,"column":2}},"409":{"start":{"line":410,"column":0},"end":{"line":410,"column":66}},"410":{"start":{"line":411,"column":0},"end":{"line":411,"column":67}},"411":{"start":{"line":412,"column":0},"end":{"line":412,"column":42}},"412":{"start":{"line":413,"column":0},"end":{"line":413,"column":2}},"413":{"start":{"line":414,"column":0},"end":{"line":414,"column":47}},"414":{"start":{"line":415,"column":0},"end":{"line":415,"column":2}},"415":{"start":{"line":416,"column":0},"end":{"line":416,"column":70}},"416":{"start":{"line":417,"column":0},"end":{"line":417,"column":68}},"417":{"start":{"line":418,"column":0},"end":{"line":418,"column":75}},"418":{"start":{"line":419,"column":0},"end":{"line":419,"column":70}},"419":{"start":{"line":420,"column":0},"end":{"line":420,"column":33}},"420":{"start":{"line":421,"column":0},"end":{"line":421,"column":240}},"421":{"start":{"line":422,"column":0},"end":{"line":422,"column":11}},"422":{"start":{"line":423,"column":0},"end":{"line":423,"column":28}},"423":{"start":{"line":424,"column":0},"end":{"line":424,"column":2}},"424":{"start":{"line":425,"column":0},"end":{"line":425,"column":66}},"425":{"start":{"line":426,"column":0},"end":{"line":426,"column":67}},"426":{"start":{"line":427,"column":0},"end":{"line":427,"column":42}},"427":{"start":{"line":428,"column":0},"end":{"line":428,"column":2}},"428":{"start":{"line":429,"column":0},"end":{"line":429,"column":47}},"429":{"start":{"line":430,"column":0},"end":{"line":430,"column":2}},"430":{"start":{"line":431,"column":0},"end":{"line":431,"column":70}},"431":{"start":{"line":432,"column":0},"end":{"line":432,"column":68}},"432":{"start":{"line":433,"column":0},"end":{"line":433,"column":75}},"433":{"start":{"line":434,"column":0},"end":{"line":434,"column":70}},"434":{"start":{"line":435,"column":0},"end":{"line":435,"column":33}},"435":{"start":{"line":436,"column":0},"end":{"line":436,"column":150}},"436":{"start":{"line":437,"column":0},"end":{"line":437,"column":11}},"437":{"start":{"line":438,"column":0},"end":{"line":438,"column":28}},"438":{"start":{"line":439,"column":0},"end":{"line":439,"column":2}},"439":{"start":{"line":440,"column":0},"end":{"line":440,"column":66}},"440":{"start":{"line":441,"column":0},"end":{"line":441,"column":67}},"441":{"start":{"line":442,"column":0},"end":{"line":442,"column":42}},"442":{"start":{"line":443,"column":0},"end":{"line":443,"column":2}},"443":{"start":{"line":444,"column":0},"end":{"line":444,"column":47}},"444":{"start":{"line":445,"column":0},"end":{"line":445,"column":2}},"445":{"start":{"line":446,"column":0},"end":{"line":446,"column":70}},"446":{"start":{"line":447,"column":0},"end":{"line":447,"column":68}},"447":{"start":{"line":448,"column":0},"end":{"line":448,"column":75}},"448":{"start":{"line":449,"column":0},"end":{"line":449,"column":70}},"449":{"start":{"line":450,"column":0},"end":{"line":450,"column":33}},"450":{"start":{"line":451,"column":0},"end":{"line":451,"column":1135}},"451":{"start":{"line":452,"column":0},"end":{"line":452,"column":11}},"452":{"start":{"line":453,"column":0},"end":{"line":453,"column":28}},"453":{"start":{"line":454,"column":0},"end":{"line":454,"column":2}},"454":{"start":{"line":455,"column":0},"end":{"line":455,"column":66}},"455":{"start":{"line":456,"column":0},"end":{"line":456,"column":67}},"456":{"start":{"line":457,"column":0},"end":{"line":457,"column":42}},"457":{"start":{"line":458,"column":0},"end":{"line":458,"column":2}},"458":{"start":{"line":459,"column":0},"end":{"line":459,"column":47}},"459":{"start":{"line":460,"column":0},"end":{"line":460,"column":2}},"460":{"start":{"line":461,"column":0},"end":{"line":461,"column":70}},"461":{"start":{"line":462,"column":0},"end":{"line":462,"column":68}},"462":{"start":{"line":463,"column":0},"end":{"line":463,"column":75}},"463":{"start":{"line":464,"column":0},"end":{"line":464,"column":70}},"464":{"start":{"line":465,"column":0},"end":{"line":465,"column":33}},"465":{"start":{"line":466,"column":0},"end":{"line":466,"column":2234}},"466":{"start":{"line":467,"column":0},"end":{"line":467,"column":11}},"467":{"start":{"line":468,"column":0},"end":{"line":468,"column":28}},"468":{"start":{"line":469,"column":0},"end":{"line":469,"column":2}},"469":{"start":{"line":470,"column":0},"end":{"line":470,"column":66}},"470":{"start":{"line":471,"column":0},"end":{"line":471,"column":67}},"471":{"start":{"line":472,"column":0},"end":{"line":472,"column":42}},"472":{"start":{"line":473,"column":0},"end":{"line":473,"column":2}},"473":{"start":{"line":474,"column":0},"end":{"line":474,"column":47}},"474":{"start":{"line":475,"column":0},"end":{"line":475,"column":2}},"475":{"start":{"line":476,"column":0},"end":{"line":476,"column":70}},"476":{"start":{"line":477,"column":0},"end":{"line":477,"column":68}},"477":{"start":{"line":478,"column":0},"end":{"line":478,"column":75}},"478":{"start":{"line":479,"column":0},"end":{"line":479,"column":70}},"479":{"start":{"line":480,"column":0},"end":{"line":480,"column":33}},"480":{"start":{"line":481,"column":0},"end":{"line":481,"column":1985}},"481":{"start":{"line":482,"column":0},"end":{"line":482,"column":11}},"482":{"start":{"line":483,"column":0},"end":{"line":483,"column":28}},"483":{"start":{"line":484,"column":0},"end":{"line":484,"column":2}},"484":{"start":{"line":485,"column":0},"end":{"line":485,"column":66}},"485":{"start":{"line":486,"column":0},"end":{"line":486,"column":67}},"486":{"start":{"line":487,"column":0},"end":{"line":487,"column":42}},"487":{"start":{"line":488,"column":0},"end":{"line":488,"column":2}},"488":{"start":{"line":489,"column":0},"end":{"line":489,"column":47}},"489":{"start":{"line":490,"column":0},"end":{"line":490,"column":2}},"490":{"start":{"line":491,"column":0},"end":{"line":491,"column":70}},"491":{"start":{"line":492,"column":0},"end":{"line":492,"column":68}},"492":{"start":{"line":493,"column":0},"end":{"line":493,"column":75}},"493":{"start":{"line":494,"column":0},"end":{"line":494,"column":70}},"494":{"start":{"line":495,"column":0},"end":{"line":495,"column":33}},"495":{"start":{"line":496,"column":0},"end":{"line":496,"column":140}},"496":{"start":{"line":497,"column":0},"end":{"line":497,"column":11}},"497":{"start":{"line":498,"column":0},"end":{"line":498,"column":28}},"498":{"start":{"line":499,"column":0},"end":{"line":499,"column":2}},"499":{"start":{"line":500,"column":0},"end":{"line":500,"column":66}},"500":{"start":{"line":501,"column":0},"end":{"line":501,"column":67}},"501":{"start":{"line":502,"column":0},"end":{"line":502,"column":42}},"502":{"start":{"line":503,"column":0},"end":{"line":503,"column":2}},"503":{"start":{"line":504,"column":0},"end":{"line":504,"column":47}},"504":{"start":{"line":505,"column":0},"end":{"line":505,"column":2}},"505":{"start":{"line":506,"column":0},"end":{"line":506,"column":70}},"506":{"start":{"line":507,"column":0},"end":{"line":507,"column":68}},"507":{"start":{"line":508,"column":0},"end":{"line":508,"column":75}},"508":{"start":{"line":509,"column":0},"end":{"line":509,"column":70}},"509":{"start":{"line":510,"column":0},"end":{"line":510,"column":33}},"510":{"start":{"line":511,"column":0},"end":{"line":511,"column":1056}},"511":{"start":{"line":512,"column":0},"end":{"line":512,"column":11}},"512":{"start":{"line":513,"column":0},"end":{"line":513,"column":28}},"513":{"start":{"line":514,"column":0},"end":{"line":514,"column":2}},"514":{"start":{"line":515,"column":0},"end":{"line":515,"column":66}},"515":{"start":{"line":516,"column":0},"end":{"line":516,"column":67}},"516":{"start":{"line":517,"column":0},"end":{"line":517,"column":42}},"517":{"start":{"line":518,"column":0},"end":{"line":518,"column":2}},"518":{"start":{"line":519,"column":0},"end":{"line":519,"column":47}},"519":{"start":{"line":520,"column":0},"end":{"line":520,"column":2}},"520":{"start":{"line":521,"column":0},"end":{"line":521,"column":70}},"521":{"start":{"line":522,"column":0},"end":{"line":522,"column":68}},"522":{"start":{"line":523,"column":0},"end":{"line":523,"column":75}},"523":{"start":{"line":524,"column":0},"end":{"line":524,"column":70}},"524":{"start":{"line":525,"column":0},"end":{"line":525,"column":33}},"525":{"start":{"line":526,"column":0},"end":{"line":526,"column":241}},"526":{"start":{"line":527,"column":0},"end":{"line":527,"column":11}},"527":{"start":{"line":528,"column":0},"end":{"line":528,"column":28}},"528":{"start":{"line":529,"column":0},"end":{"line":529,"column":2}},"529":{"start":{"line":530,"column":0},"end":{"line":530,"column":66}},"530":{"start":{"line":531,"column":0},"end":{"line":531,"column":67}},"531":{"start":{"line":532,"column":0},"end":{"line":532,"column":42}},"532":{"start":{"line":533,"column":0},"end":{"line":533,"column":2}},"533":{"start":{"line":534,"column":0},"end":{"line":534,"column":47}},"534":{"start":{"line":535,"column":0},"end":{"line":535,"column":2}},"535":{"start":{"line":536,"column":0},"end":{"line":536,"column":70}},"536":{"start":{"line":537,"column":0},"end":{"line":537,"column":68}},"537":{"start":{"line":538,"column":0},"end":{"line":538,"column":75}},"538":{"start":{"line":539,"column":0},"end":{"line":539,"column":70}},"539":{"start":{"line":540,"column":0},"end":{"line":540,"column":33}},"540":{"start":{"line":541,"column":0},"end":{"line":541,"column":801}},"541":{"start":{"line":542,"column":0},"end":{"line":542,"column":11}},"542":{"start":{"line":543,"column":0},"end":{"line":543,"column":28}},"543":{"start":{"line":544,"column":0},"end":{"line":544,"column":2}},"544":{"start":{"line":545,"column":0},"end":{"line":545,"column":66}},"545":{"start":{"line":546,"column":0},"end":{"line":546,"column":67}},"546":{"start":{"line":547,"column":0},"end":{"line":547,"column":42}},"547":{"start":{"line":548,"column":0},"end":{"line":548,"column":2}},"548":{"start":{"line":549,"column":0},"end":{"line":549,"column":47}},"549":{"start":{"line":550,"column":0},"end":{"line":550,"column":2}},"550":{"start":{"line":551,"column":0},"end":{"line":551,"column":70}},"551":{"start":{"line":552,"column":0},"end":{"line":552,"column":68}},"552":{"start":{"line":553,"column":0},"end":{"line":553,"column":75}},"553":{"start":{"line":554,"column":0},"end":{"line":554,"column":70}},"554":{"start":{"line":555,"column":0},"end":{"line":555,"column":33}},"555":{"start":{"line":556,"column":0},"end":{"line":556,"column":349}},"556":{"start":{"line":557,"column":0},"end":{"line":557,"column":11}},"557":{"start":{"line":558,"column":0},"end":{"line":558,"column":28}},"558":{"start":{"line":559,"column":0},"end":{"line":559,"column":2}},"559":{"start":{"line":560,"column":0},"end":{"line":560,"column":66}},"560":{"start":{"line":561,"column":0},"end":{"line":561,"column":67}},"561":{"start":{"line":562,"column":0},"end":{"line":562,"column":42}},"562":{"start":{"line":563,"column":0},"end":{"line":563,"column":2}},"563":{"start":{"line":564,"column":0},"end":{"line":564,"column":47}},"564":{"start":{"line":565,"column":0},"end":{"line":565,"column":2}},"565":{"start":{"line":566,"column":0},"end":{"line":566,"column":70}},"566":{"start":{"line":567,"column":0},"end":{"line":567,"column":68}},"567":{"start":{"line":568,"column":0},"end":{"line":568,"column":75}},"568":{"start":{"line":569,"column":0},"end":{"line":569,"column":70}},"569":{"start":{"line":570,"column":0},"end":{"line":570,"column":33}},"570":{"start":{"line":571,"column":0},"end":{"line":571,"column":1099}},"571":{"start":{"line":572,"column":0},"end":{"line":572,"column":11}},"572":{"start":{"line":573,"column":0},"end":{"line":573,"column":28}},"573":{"start":{"line":574,"column":0},"end":{"line":574,"column":2}},"574":{"start":{"line":575,"column":0},"end":{"line":575,"column":66}},"575":{"start":{"line":576,"column":0},"end":{"line":576,"column":67}},"576":{"start":{"line":577,"column":0},"end":{"line":577,"column":42}},"577":{"start":{"line":578,"column":0},"end":{"line":578,"column":2}},"578":{"start":{"line":579,"column":0},"end":{"line":579,"column":47}},"579":{"start":{"line":580,"column":0},"end":{"line":580,"column":2}},"580":{"start":{"line":581,"column":0},"end":{"line":581,"column":70}},"581":{"start":{"line":582,"column":0},"end":{"line":582,"column":68}},"582":{"start":{"line":583,"column":0},"end":{"line":583,"column":75}},"583":{"start":{"line":584,"column":0},"end":{"line":584,"column":70}},"584":{"start":{"line":585,"column":0},"end":{"line":585,"column":33}},"585":{"start":{"line":586,"column":0},"end":{"line":586,"column":504}},"586":{"start":{"line":587,"column":0},"end":{"line":587,"column":11}},"587":{"start":{"line":588,"column":0},"end":{"line":588,"column":28}},"588":{"start":{"line":589,"column":0},"end":{"line":589,"column":2}},"589":{"start":{"line":590,"column":0},"end":{"line":590,"column":66}},"590":{"start":{"line":591,"column":0},"end":{"line":591,"column":67}},"591":{"start":{"line":592,"column":0},"end":{"line":592,"column":42}},"592":{"start":{"line":593,"column":0},"end":{"line":593,"column":2}},"593":{"start":{"line":594,"column":0},"end":{"line":594,"column":47}},"594":{"start":{"line":595,"column":0},"end":{"line":595,"column":2}},"595":{"start":{"line":596,"column":0},"end":{"line":596,"column":70}},"596":{"start":{"line":597,"column":0},"end":{"line":597,"column":68}},"597":{"start":{"line":598,"column":0},"end":{"line":598,"column":75}},"598":{"start":{"line":599,"column":0},"end":{"line":599,"column":70}},"599":{"start":{"line":600,"column":0},"end":{"line":600,"column":33}},"600":{"start":{"line":601,"column":0},"end":{"line":601,"column":1714}},"601":{"start":{"line":602,"column":0},"end":{"line":602,"column":11}},"602":{"start":{"line":603,"column":0},"end":{"line":603,"column":28}},"603":{"start":{"line":604,"column":0},"end":{"line":604,"column":2}},"604":{"start":{"line":605,"column":0},"end":{"line":605,"column":66}},"605":{"start":{"line":606,"column":0},"end":{"line":606,"column":67}},"606":{"start":{"line":607,"column":0},"end":{"line":607,"column":42}},"607":{"start":{"line":608,"column":0},"end":{"line":608,"column":2}},"608":{"start":{"line":609,"column":0},"end":{"line":609,"column":47}},"609":{"start":{"line":610,"column":0},"end":{"line":610,"column":2}},"610":{"start":{"line":611,"column":0},"end":{"line":611,"column":70}},"611":{"start":{"line":612,"column":0},"end":{"line":612,"column":68}},"612":{"start":{"line":613,"column":0},"end":{"line":613,"column":75}},"613":{"start":{"line":614,"column":0},"end":{"line":614,"column":70}},"614":{"start":{"line":615,"column":0},"end":{"line":615,"column":33}},"615":{"start":{"line":616,"column":0},"end":{"line":616,"column":4947}},"616":{"start":{"line":617,"column":0},"end":{"line":617,"column":11}},"617":{"start":{"line":618,"column":0},"end":{"line":618,"column":28}},"618":{"start":{"line":619,"column":0},"end":{"line":619,"column":2}},"619":{"start":{"line":620,"column":0},"end":{"line":620,"column":66}},"620":{"start":{"line":621,"column":0},"end":{"line":621,"column":67}},"621":{"start":{"line":622,"column":0},"end":{"line":622,"column":42}},"622":{"start":{"line":623,"column":0},"end":{"line":623,"column":2}},"623":{"start":{"line":624,"column":0},"end":{"line":624,"column":47}},"624":{"start":{"line":625,"column":0},"end":{"line":625,"column":2}},"625":{"start":{"line":626,"column":0},"end":{"line":626,"column":70}},"626":{"start":{"line":627,"column":0},"end":{"line":627,"column":68}},"627":{"start":{"line":628,"column":0},"end":{"line":628,"column":75}},"628":{"start":{"line":629,"column":0},"end":{"line":629,"column":70}},"629":{"start":{"line":630,"column":0},"end":{"line":630,"column":33}},"630":{"start":{"line":631,"column":0},"end":{"line":631,"column":215}},"631":{"start":{"line":632,"column":0},"end":{"line":632,"column":11}},"632":{"start":{"line":633,"column":0},"end":{"line":633,"column":28}},"633":{"start":{"line":634,"column":0},"end":{"line":634,"column":2}},"634":{"start":{"line":635,"column":0},"end":{"line":635,"column":66}},"635":{"start":{"line":636,"column":0},"end":{"line":636,"column":67}},"636":{"start":{"line":637,"column":0},"end":{"line":637,"column":42}},"637":{"start":{"line":638,"column":0},"end":{"line":638,"column":2}},"638":{"start":{"line":639,"column":0},"end":{"line":639,"column":47}},"639":{"start":{"line":640,"column":0},"end":{"line":640,"column":2}},"640":{"start":{"line":641,"column":0},"end":{"line":641,"column":70}},"641":{"start":{"line":642,"column":0},"end":{"line":642,"column":68}},"642":{"start":{"line":643,"column":0},"end":{"line":643,"column":75}},"643":{"start":{"line":644,"column":0},"end":{"line":644,"column":70}},"644":{"start":{"line":645,"column":0},"end":{"line":645,"column":33}},"645":{"start":{"line":646,"column":0},"end":{"line":646,"column":298}},"646":{"start":{"line":647,"column":0},"end":{"line":647,"column":11}},"647":{"start":{"line":648,"column":0},"end":{"line":648,"column":28}},"648":{"start":{"line":649,"column":0},"end":{"line":649,"column":2}},"649":{"start":{"line":650,"column":0},"end":{"line":650,"column":66}},"650":{"start":{"line":651,"column":0},"end":{"line":651,"column":67}},"651":{"start":{"line":652,"column":0},"end":{"line":652,"column":42}},"652":{"start":{"line":653,"column":0},"end":{"line":653,"column":2}},"653":{"start":{"line":654,"column":0},"end":{"line":654,"column":47}},"654":{"start":{"line":655,"column":0},"end":{"line":655,"column":2}},"655":{"start":{"line":656,"column":0},"end":{"line":656,"column":70}},"656":{"start":{"line":657,"column":0},"end":{"line":657,"column":68}},"657":{"start":{"line":658,"column":0},"end":{"line":658,"column":75}},"658":{"start":{"line":659,"column":0},"end":{"line":659,"column":70}},"659":{"start":{"line":660,"column":0},"end":{"line":660,"column":33}},"660":{"start":{"line":661,"column":0},"end":{"line":661,"column":1588}},"661":{"start":{"line":662,"column":0},"end":{"line":662,"column":11}},"662":{"start":{"line":663,"column":0},"end":{"line":663,"column":28}},"663":{"start":{"line":664,"column":0},"end":{"line":664,"column":2}},"664":{"start":{"line":665,"column":0},"end":{"line":665,"column":66}},"665":{"start":{"line":666,"column":0},"end":{"line":666,"column":67}},"666":{"start":{"line":667,"column":0},"end":{"line":667,"column":42}},"667":{"start":{"line":668,"column":0},"end":{"line":668,"column":2}},"668":{"start":{"line":669,"column":0},"end":{"line":669,"column":47}},"669":{"start":{"line":670,"column":0},"end":{"line":670,"column":2}},"670":{"start":{"line":671,"column":0},"end":{"line":671,"column":70}},"671":{"start":{"line":672,"column":0},"end":{"line":672,"column":68}},"672":{"start":{"line":673,"column":0},"end":{"line":673,"column":75}},"673":{"start":{"line":674,"column":0},"end":{"line":674,"column":70}},"674":{"start":{"line":675,"column":0},"end":{"line":675,"column":33}},"675":{"start":{"line":676,"column":0},"end":{"line":676,"column":1346}},"676":{"start":{"line":677,"column":0},"end":{"line":677,"column":11}},"677":{"start":{"line":678,"column":0},"end":{"line":678,"column":28}},"678":{"start":{"line":679,"column":0},"end":{"line":679,"column":2}},"679":{"start":{"line":680,"column":0},"end":{"line":680,"column":66}},"680":{"start":{"line":681,"column":0},"end":{"line":681,"column":67}},"681":{"start":{"line":682,"column":0},"end":{"line":682,"column":42}},"682":{"start":{"line":683,"column":0},"end":{"line":683,"column":2}},"683":{"start":{"line":684,"column":0},"end":{"line":684,"column":47}},"684":{"start":{"line":685,"column":0},"end":{"line":685,"column":2}},"685":{"start":{"line":686,"column":0},"end":{"line":686,"column":70}},"686":{"start":{"line":687,"column":0},"end":{"line":687,"column":68}},"687":{"start":{"line":688,"column":0},"end":{"line":688,"column":75}},"688":{"start":{"line":689,"column":0},"end":{"line":689,"column":70}},"689":{"start":{"line":690,"column":0},"end":{"line":690,"column":33}},"690":{"start":{"line":691,"column":0},"end":{"line":691,"column":204}},"691":{"start":{"line":692,"column":0},"end":{"line":692,"column":11}},"692":{"start":{"line":693,"column":0},"end":{"line":693,"column":28}},"693":{"start":{"line":694,"column":0},"end":{"line":694,"column":2}},"694":{"start":{"line":695,"column":0},"end":{"line":695,"column":66}},"695":{"start":{"line":696,"column":0},"end":{"line":696,"column":67}},"696":{"start":{"line":697,"column":0},"end":{"line":697,"column":42}},"697":{"start":{"line":698,"column":0},"end":{"line":698,"column":2}},"698":{"start":{"line":699,"column":0},"end":{"line":699,"column":47}},"699":{"start":{"line":700,"column":0},"end":{"line":700,"column":2}},"700":{"start":{"line":701,"column":0},"end":{"line":701,"column":70}},"701":{"start":{"line":702,"column":0},"end":{"line":702,"column":68}},"702":{"start":{"line":703,"column":0},"end":{"line":703,"column":75}},"703":{"start":{"line":704,"column":0},"end":{"line":704,"column":70}},"704":{"start":{"line":705,"column":0},"end":{"line":705,"column":33}},"705":{"start":{"line":706,"column":0},"end":{"line":706,"column":543}},"706":{"start":{"line":707,"column":0},"end":{"line":707,"column":11}},"707":{"start":{"line":708,"column":0},"end":{"line":708,"column":28}},"708":{"start":{"line":709,"column":0},"end":{"line":709,"column":2}},"709":{"start":{"line":710,"column":0},"end":{"line":710,"column":66}},"710":{"start":{"line":711,"column":0},"end":{"line":711,"column":67}},"711":{"start":{"line":712,"column":0},"end":{"line":712,"column":42}},"712":{"start":{"line":713,"column":0},"end":{"line":713,"column":2}},"713":{"start":{"line":714,"column":0},"end":{"line":714,"column":47}},"714":{"start":{"line":715,"column":0},"end":{"line":715,"column":2}},"715":{"start":{"line":716,"column":0},"end":{"line":716,"column":70}},"716":{"start":{"line":717,"column":0},"end":{"line":717,"column":68}},"717":{"start":{"line":718,"column":0},"end":{"line":718,"column":75}},"718":{"start":{"line":719,"column":0},"end":{"line":719,"column":70}},"719":{"start":{"line":720,"column":0},"end":{"line":720,"column":33}},"720":{"start":{"line":721,"column":0},"end":{"line":721,"column":80}},"721":{"start":{"line":722,"column":0},"end":{"line":722,"column":11}},"722":{"start":{"line":723,"column":0},"end":{"line":723,"column":28}},"723":{"start":{"line":724,"column":0},"end":{"line":724,"column":2}},"724":{"start":{"line":725,"column":0},"end":{"line":725,"column":66}},"725":{"start":{"line":726,"column":0},"end":{"line":726,"column":67}},"726":{"start":{"line":727,"column":0},"end":{"line":727,"column":42}},"727":{"start":{"line":728,"column":0},"end":{"line":728,"column":2}},"728":{"start":{"line":729,"column":0},"end":{"line":729,"column":47}},"729":{"start":{"line":730,"column":0},"end":{"line":730,"column":2}},"730":{"start":{"line":731,"column":0},"end":{"line":731,"column":70}},"731":{"start":{"line":732,"column":0},"end":{"line":732,"column":68}},"732":{"start":{"line":733,"column":0},"end":{"line":733,"column":75}},"733":{"start":{"line":734,"column":0},"end":{"line":734,"column":70}},"734":{"start":{"line":735,"column":0},"end":{"line":735,"column":33}},"735":{"start":{"line":736,"column":0},"end":{"line":736,"column":2849}},"736":{"start":{"line":737,"column":0},"end":{"line":737,"column":11}},"737":{"start":{"line":738,"column":0},"end":{"line":738,"column":28}},"738":{"start":{"line":739,"column":0},"end":{"line":739,"column":2}},"739":{"start":{"line":740,"column":0},"end":{"line":740,"column":66}},"740":{"start":{"line":741,"column":0},"end":{"line":741,"column":67}},"741":{"start":{"line":742,"column":0},"end":{"line":742,"column":42}},"742":{"start":{"line":743,"column":0},"end":{"line":743,"column":2}},"743":{"start":{"line":744,"column":0},"end":{"line":744,"column":47}},"744":{"start":{"line":745,"column":0},"end":{"line":745,"column":2}},"745":{"start":{"line":746,"column":0},"end":{"line":746,"column":70}},"746":{"start":{"line":747,"column":0},"end":{"line":747,"column":68}},"747":{"start":{"line":748,"column":0},"end":{"line":748,"column":75}},"748":{"start":{"line":749,"column":0},"end":{"line":749,"column":70}},"749":{"start":{"line":750,"column":0},"end":{"line":750,"column":33}},"750":{"start":{"line":751,"column":0},"end":{"line":751,"column":9690}},"751":{"start":{"line":752,"column":0},"end":{"line":752,"column":11}},"752":{"start":{"line":753,"column":0},"end":{"line":753,"column":28}},"753":{"start":{"line":754,"column":0},"end":{"line":754,"column":2}},"754":{"start":{"line":755,"column":0},"end":{"line":755,"column":66}},"755":{"start":{"line":756,"column":0},"end":{"line":756,"column":67}},"756":{"start":{"line":757,"column":0},"end":{"line":757,"column":42}},"757":{"start":{"line":758,"column":0},"end":{"line":758,"column":2}},"758":{"start":{"line":759,"column":0},"end":{"line":759,"column":47}},"759":{"start":{"line":760,"column":0},"end":{"line":760,"column":2}},"760":{"start":{"line":761,"column":0},"end":{"line":761,"column":70}},"761":{"start":{"line":762,"column":0},"end":{"line":762,"column":68}},"762":{"start":{"line":763,"column":0},"end":{"line":763,"column":75}},"763":{"start":{"line":764,"column":0},"end":{"line":764,"column":70}},"764":{"start":{"line":765,"column":0},"end":{"line":765,"column":33}},"765":{"start":{"line":766,"column":0},"end":{"line":766,"column":298}},"766":{"start":{"line":767,"column":0},"end":{"line":767,"column":11}},"767":{"start":{"line":768,"column":0},"end":{"line":768,"column":28}},"768":{"start":{"line":769,"column":0},"end":{"line":769,"column":2}},"769":{"start":{"line":770,"column":0},"end":{"line":770,"column":66}},"770":{"start":{"line":771,"column":0},"end":{"line":771,"column":67}},"771":{"start":{"line":772,"column":0},"end":{"line":772,"column":42}},"772":{"start":{"line":773,"column":0},"end":{"line":773,"column":2}},"773":{"start":{"line":774,"column":0},"end":{"line":774,"column":47}},"774":{"start":{"line":775,"column":0},"end":{"line":775,"column":2}},"775":{"start":{"line":776,"column":0},"end":{"line":776,"column":70}},"776":{"start":{"line":777,"column":0},"end":{"line":777,"column":68}},"777":{"start":{"line":778,"column":0},"end":{"line":778,"column":75}},"778":{"start":{"line":779,"column":0},"end":{"line":779,"column":70}},"779":{"start":{"line":780,"column":0},"end":{"line":780,"column":33}},"780":{"start":{"line":781,"column":0},"end":{"line":781,"column":1992}},"781":{"start":{"line":782,"column":0},"end":{"line":782,"column":11}},"782":{"start":{"line":783,"column":0},"end":{"line":783,"column":28}},"783":{"start":{"line":784,"column":0},"end":{"line":784,"column":2}},"784":{"start":{"line":785,"column":0},"end":{"line":785,"column":66}},"785":{"start":{"line":786,"column":0},"end":{"line":786,"column":67}},"786":{"start":{"line":787,"column":0},"end":{"line":787,"column":42}},"787":{"start":{"line":788,"column":0},"end":{"line":788,"column":2}},"788":{"start":{"line":789,"column":0},"end":{"line":789,"column":47}},"789":{"start":{"line":790,"column":0},"end":{"line":790,"column":2}},"790":{"start":{"line":791,"column":0},"end":{"line":791,"column":70}},"791":{"start":{"line":792,"column":0},"end":{"line":792,"column":68}},"792":{"start":{"line":793,"column":0},"end":{"line":793,"column":75}},"793":{"start":{"line":794,"column":0},"end":{"line":794,"column":70}},"794":{"start":{"line":795,"column":0},"end":{"line":795,"column":33}},"795":{"start":{"line":796,"column":0},"end":{"line":796,"column":271}},"796":{"start":{"line":797,"column":0},"end":{"line":797,"column":11}},"797":{"start":{"line":798,"column":0},"end":{"line":798,"column":28}},"798":{"start":{"line":799,"column":0},"end":{"line":799,"column":2}},"799":{"start":{"line":800,"column":0},"end":{"line":800,"column":66}},"800":{"start":{"line":801,"column":0},"end":{"line":801,"column":67}},"801":{"start":{"line":802,"column":0},"end":{"line":802,"column":42}},"802":{"start":{"line":803,"column":0},"end":{"line":803,"column":2}},"803":{"start":{"line":804,"column":0},"end":{"line":804,"column":47}},"804":{"start":{"line":805,"column":0},"end":{"line":805,"column":2}},"805":{"start":{"line":806,"column":0},"end":{"line":806,"column":70}},"806":{"start":{"line":807,"column":0},"end":{"line":807,"column":68}},"807":{"start":{"line":808,"column":0},"end":{"line":808,"column":75}},"808":{"start":{"line":809,"column":0},"end":{"line":809,"column":70}},"809":{"start":{"line":810,"column":0},"end":{"line":810,"column":33}},"810":{"start":{"line":811,"column":0},"end":{"line":811,"column":86}},"811":{"start":{"line":812,"column":0},"end":{"line":812,"column":11}},"812":{"start":{"line":813,"column":0},"end":{"line":813,"column":28}},"813":{"start":{"line":814,"column":0},"end":{"line":814,"column":2}},"814":{"start":{"line":815,"column":0},"end":{"line":815,"column":66}},"815":{"start":{"line":816,"column":0},"end":{"line":816,"column":67}},"816":{"start":{"line":817,"column":0},"end":{"line":817,"column":42}},"817":{"start":{"line":818,"column":0},"end":{"line":818,"column":2}},"818":{"start":{"line":819,"column":0},"end":{"line":819,"column":47}},"819":{"start":{"line":820,"column":0},"end":{"line":820,"column":2}},"820":{"start":{"line":821,"column":0},"end":{"line":821,"column":70}},"821":{"start":{"line":822,"column":0},"end":{"line":822,"column":68}},"822":{"start":{"line":823,"column":0},"end":{"line":823,"column":75}},"823":{"start":{"line":824,"column":0},"end":{"line":824,"column":70}},"824":{"start":{"line":825,"column":0},"end":{"line":825,"column":33}},"825":{"start":{"line":826,"column":0},"end":{"line":826,"column":1614}},"826":{"start":{"line":827,"column":0},"end":{"line":827,"column":11}},"827":{"start":{"line":828,"column":0},"end":{"line":828,"column":28}},"828":{"start":{"line":829,"column":0},"end":{"line":829,"column":2}},"829":{"start":{"line":830,"column":0},"end":{"line":830,"column":66}},"830":{"start":{"line":831,"column":0},"end":{"line":831,"column":67}},"831":{"start":{"line":832,"column":0},"end":{"line":832,"column":42}},"832":{"start":{"line":833,"column":0},"end":{"line":833,"column":2}},"833":{"start":{"line":834,"column":0},"end":{"line":834,"column":47}},"834":{"start":{"line":835,"column":0},"end":{"line":835,"column":2}},"835":{"start":{"line":836,"column":0},"end":{"line":836,"column":70}},"836":{"start":{"line":837,"column":0},"end":{"line":837,"column":68}},"837":{"start":{"line":838,"column":0},"end":{"line":838,"column":75}},"838":{"start":{"line":839,"column":0},"end":{"line":839,"column":70}},"839":{"start":{"line":840,"column":0},"end":{"line":840,"column":33}},"840":{"start":{"line":841,"column":0},"end":{"line":841,"column":263}},"841":{"start":{"line":842,"column":0},"end":{"line":842,"column":11}},"842":{"start":{"line":843,"column":0},"end":{"line":843,"column":28}},"843":{"start":{"line":844,"column":0},"end":{"line":844,"column":2}},"844":{"start":{"line":845,"column":0},"end":{"line":845,"column":66}},"845":{"start":{"line":846,"column":0},"end":{"line":846,"column":67}},"846":{"start":{"line":847,"column":0},"end":{"line":847,"column":42}},"847":{"start":{"line":848,"column":0},"end":{"line":848,"column":2}},"848":{"start":{"line":849,"column":0},"end":{"line":849,"column":47}},"849":{"start":{"line":850,"column":0},"end":{"line":850,"column":2}},"850":{"start":{"line":851,"column":0},"end":{"line":851,"column":70}},"851":{"start":{"line":852,"column":0},"end":{"line":852,"column":68}},"852":{"start":{"line":853,"column":0},"end":{"line":853,"column":75}},"853":{"start":{"line":854,"column":0},"end":{"line":854,"column":70}},"854":{"start":{"line":855,"column":0},"end":{"line":855,"column":33}},"855":{"start":{"line":856,"column":0},"end":{"line":856,"column":180}},"856":{"start":{"line":857,"column":0},"end":{"line":857,"column":11}},"857":{"start":{"line":858,"column":0},"end":{"line":858,"column":28}},"858":{"start":{"line":859,"column":0},"end":{"line":859,"column":2}},"859":{"start":{"line":860,"column":0},"end":{"line":860,"column":66}},"860":{"start":{"line":861,"column":0},"end":{"line":861,"column":67}},"861":{"start":{"line":862,"column":0},"end":{"line":862,"column":42}},"862":{"start":{"line":863,"column":0},"end":{"line":863,"column":2}},"863":{"start":{"line":864,"column":0},"end":{"line":864,"column":47}},"864":{"start":{"line":865,"column":0},"end":{"line":865,"column":2}},"865":{"start":{"line":866,"column":0},"end":{"line":866,"column":70}},"866":{"start":{"line":867,"column":0},"end":{"line":867,"column":68}},"867":{"start":{"line":868,"column":0},"end":{"line":868,"column":75}},"868":{"start":{"line":869,"column":0},"end":{"line":869,"column":70}},"869":{"start":{"line":870,"column":0},"end":{"line":870,"column":33}},"870":{"start":{"line":871,"column":0},"end":{"line":871,"column":601}},"871":{"start":{"line":872,"column":0},"end":{"line":872,"column":11}},"872":{"start":{"line":873,"column":0},"end":{"line":873,"column":28}},"873":{"start":{"line":874,"column":0},"end":{"line":874,"column":2}},"874":{"start":{"line":875,"column":0},"end":{"line":875,"column":66}},"875":{"start":{"line":876,"column":0},"end":{"line":876,"column":67}},"876":{"start":{"line":877,"column":0},"end":{"line":877,"column":42}},"877":{"start":{"line":878,"column":0},"end":{"line":878,"column":2}},"878":{"start":{"line":879,"column":0},"end":{"line":879,"column":47}},"879":{"start":{"line":880,"column":0},"end":{"line":880,"column":2}},"880":{"start":{"line":881,"column":0},"end":{"line":881,"column":70}},"881":{"start":{"line":882,"column":0},"end":{"line":882,"column":68}},"882":{"start":{"line":883,"column":0},"end":{"line":883,"column":75}},"883":{"start":{"line":884,"column":0},"end":{"line":884,"column":70}},"884":{"start":{"line":885,"column":0},"end":{"line":885,"column":33}},"885":{"start":{"line":886,"column":0},"end":{"line":886,"column":630}},"886":{"start":{"line":887,"column":0},"end":{"line":887,"column":11}},"887":{"start":{"line":888,"column":0},"end":{"line":888,"column":28}},"888":{"start":{"line":889,"column":0},"end":{"line":889,"column":2}},"889":{"start":{"line":890,"column":0},"end":{"line":890,"column":66}},"890":{"start":{"line":891,"column":0},"end":{"line":891,"column":67}},"891":{"start":{"line":892,"column":0},"end":{"line":892,"column":42}},"892":{"start":{"line":893,"column":0},"end":{"line":893,"column":2}},"893":{"start":{"line":894,"column":0},"end":{"line":894,"column":47}},"894":{"start":{"line":895,"column":0},"end":{"line":895,"column":2}},"895":{"start":{"line":896,"column":0},"end":{"line":896,"column":70}},"896":{"start":{"line":897,"column":0},"end":{"line":897,"column":68}},"897":{"start":{"line":898,"column":0},"end":{"line":898,"column":75}},"898":{"start":{"line":899,"column":0},"end":{"line":899,"column":70}},"899":{"start":{"line":900,"column":0},"end":{"line":900,"column":33}},"900":{"start":{"line":901,"column":0},"end":{"line":901,"column":591}},"901":{"start":{"line":902,"column":0},"end":{"line":902,"column":11}},"902":{"start":{"line":903,"column":0},"end":{"line":903,"column":28}},"903":{"start":{"line":904,"column":0},"end":{"line":904,"column":2}},"904":{"start":{"line":905,"column":0},"end":{"line":905,"column":66}},"905":{"start":{"line":906,"column":0},"end":{"line":906,"column":67}},"906":{"start":{"line":907,"column":0},"end":{"line":907,"column":42}},"907":{"start":{"line":908,"column":0},"end":{"line":908,"column":2}},"908":{"start":{"line":909,"column":0},"end":{"line":909,"column":47}},"909":{"start":{"line":910,"column":0},"end":{"line":910,"column":2}},"910":{"start":{"line":911,"column":0},"end":{"line":911,"column":70}},"911":{"start":{"line":912,"column":0},"end":{"line":912,"column":68}},"912":{"start":{"line":913,"column":0},"end":{"line":913,"column":75}},"913":{"start":{"line":914,"column":0},"end":{"line":914,"column":70}},"914":{"start":{"line":915,"column":0},"end":{"line":915,"column":33}},"915":{"start":{"line":916,"column":0},"end":{"line":916,"column":622}},"916":{"start":{"line":917,"column":0},"end":{"line":917,"column":11}},"917":{"start":{"line":918,"column":0},"end":{"line":918,"column":28}},"918":{"start":{"line":919,"column":0},"end":{"line":919,"column":2}},"919":{"start":{"line":920,"column":0},"end":{"line":920,"column":66}},"920":{"start":{"line":921,"column":0},"end":{"line":921,"column":67}},"921":{"start":{"line":922,"column":0},"end":{"line":922,"column":42}},"922":{"start":{"line":923,"column":0},"end":{"line":923,"column":2}},"923":{"start":{"line":924,"column":0},"end":{"line":924,"column":47}},"924":{"start":{"line":925,"column":0},"end":{"line":925,"column":2}},"925":{"start":{"line":926,"column":0},"end":{"line":926,"column":70}},"926":{"start":{"line":927,"column":0},"end":{"line":927,"column":68}},"927":{"start":{"line":928,"column":0},"end":{"line":928,"column":75}},"928":{"start":{"line":929,"column":0},"end":{"line":929,"column":70}},"929":{"start":{"line":930,"column":0},"end":{"line":930,"column":33}},"930":{"start":{"line":931,"column":0},"end":{"line":931,"column":554}},"931":{"start":{"line":932,"column":0},"end":{"line":932,"column":11}},"932":{"start":{"line":933,"column":0},"end":{"line":933,"column":28}},"933":{"start":{"line":934,"column":0},"end":{"line":934,"column":2}},"934":{"start":{"line":935,"column":0},"end":{"line":935,"column":66}},"935":{"start":{"line":936,"column":0},"end":{"line":936,"column":67}},"936":{"start":{"line":937,"column":0},"end":{"line":937,"column":42}},"937":{"start":{"line":938,"column":0},"end":{"line":938,"column":2}},"938":{"start":{"line":939,"column":0},"end":{"line":939,"column":47}},"939":{"start":{"line":940,"column":0},"end":{"line":940,"column":2}},"940":{"start":{"line":941,"column":0},"end":{"line":941,"column":70}},"941":{"start":{"line":942,"column":0},"end":{"line":942,"column":68}},"942":{"start":{"line":943,"column":0},"end":{"line":943,"column":75}},"943":{"start":{"line":944,"column":0},"end":{"line":944,"column":70}},"944":{"start":{"line":945,"column":0},"end":{"line":945,"column":33}},"945":{"start":{"line":946,"column":0},"end":{"line":946,"column":699}},"946":{"start":{"line":947,"column":0},"end":{"line":947,"column":11}},"947":{"start":{"line":948,"column":0},"end":{"line":948,"column":28}},"948":{"start":{"line":949,"column":0},"end":{"line":9
[...]
rt":{"line":154,"column":0},"end":{"line":154,"column":20}},"154":{"start":{"line":155,"column":0},"end":{"line":155,"column":0}},"155":{"start":{"line":156,"column":0},"end":{"line":156,"column":26}},"156":{"start":{"line":157,"column":0},"end":{"line":157,"column":18}},"157":{"start":{"line":158,"column":0},"end":{"line":158,"column":38}},"158":{"start":{"line":159,"column":0},"end":{"line":159,"column":24}},"159":{"start":{"line":160,"column":0},"end":{"line":160,"column":30}},"160":{"start":{"line":161,"column":0},"end":{"line":161,"column":69}},"161":{"start":{"line":162,"column":0},"end":{"line":162,"column":51}},"162":{"start":{"line":163,"column":0},"end":{"line":163,"column":35}},"163":{"start":{"line":164,"column":0},"end":{"line":164,"column":35}},"164":{"start":{"line":165,"column":0},"end":{"line":165,"column":18}},"165":{"start":{"line":166,"column":0},"end":{"line":166,"column":15}},"166":{"start":{"line":167,"column":0},"end":{"line":167,"column":28}},"167":{"start":{"line":168,"column":0},"end":{"line":168,"column":29}},"168":{"start":{"line":169,"column":0},"end":{"line":169,"column":53}},"169":{"start":{"line":170,"column":0},"end":{"line":170,"column":40}},"170":{"start":{"line":171,"column":0},"end":{"line":171,"column":82}},"171":{"start":{"line":172,"column":0},"end":{"line":172,"column":56}},"172":{"start":{"line":173,"column":0},"end":{"line":173,"column":35}},"173":{"start":{"line":174,"column":0},"end":{"line":174,"column":61}},"174":{"start":{"line":175,"column":0},"end":{"line":175,"column":19}},"175":{"start":{"line":176,"column":0},"end":{"line":176,"column":29}},"176":{"start":{"line":177,"column":0},"end":{"line":177,"column":22}},"177":{"start":{"line":178,"column":0},"end":{"line":178,"column":0}},"178":{"start":{"line":179,"column":0},"end":{"line":179,"column":28}},"179":{"start":{"line":180,"column":0},"end":{"line":180,"column":41}},"180":{"start":{"line":181,"column":0},"end":{"line":181,"column":30}},"181":{"start":{"line":182,"column":0},"end":{"line":182,"column":56}},"182":{"start":{"line":183,"column":0},"end":{"line":183,"column":66}},"183":{"start":{"line":184,"column":0},"end":{"line":184,"column":44}},"184":{"start":{"line":185,"column":0},"end":{"line":185,"column":21}},"185":{"start":{"line":186,"column":0},"end":{"line":186,"column":32}},"186":{"start":{"line":187,"column":0},"end":{"line":187,"column":23}},"187":{"start":{"line":188,"column":0},"end":{"line":188,"column":29}},"188":{"start":{"line":189,"column":0},"end":{"line":189,"column":91}},"189":{"start":{"line":190,"column":0},"end":{"line":190,"column":21}},"190":{"start":{"line":191,"column":0},"end":{"line":191,"column":38}},"191":{"start":{"line":192,"column":0},"end":{"line":192,"column":22}},"192":{"start":{"line":193,"column":0},"end":{"line":193,"column":22}},"193":{"start":{"line":194,"column":0},"end":{"line":194,"column":0}},"194":{"start":{"line":195,"column":0},"end":{"line":195,"column":39}},"195":{"start":{"line":196,"column":0},"end":{"line":196,"column":23}},"196":{"start":{"line":197,"column":0},"end":{"line":197,"column":53}},"197":{"start":{"line":198,"column":0},"end":{"line":198,"column":26}},"198":{"start":{"line":199,"column":0},"end":{"line":199,"column":55}},"199":{"start":{"line":200,"column":0},"end":{"line":200,"column":67}},"200":{"start":{"line":201,"column":0},"end":{"line":201,"column":93}},"201":{"start":{"line":202,"column":0},"end":{"line":202,"column":86}},"202":{"start":{"line":203,"column":0},"end":{"line":203,"column":73}},"203":{"start":{"line":204,"column":0},"end":{"line":204,"column":62}},"204":{"start":{"line":205,"column":0},"end":{"line":205,"column":40}},"205":{"start":{"line":206,"column":0},"end":{"line":206,"column":20}},"206":{"start":{"line":207,"column":0},"end":{"line":207,"column":17}},"207":{"start":{"line":208,"column":0},"end":{"line":208,"column":56}},"208":{"start":{"line":209,"column":0},"end":{"line":209,"column":25}},"209":{"start":{"line":210,"column":0},"end":{"line":210,"column":20}},"210":{"start":{"line":211,"column":0},"end":{"line":211,"column":25}},"211":{"start":{"line":212,"column":0},"end":{"line":212,"column":12}},"212":{"start":{"line":213,"column":0},"end":{"line":213,"column":11}},"213":{"start":{"line":214,"column":0},"end":{"line":214,"column":12}},"214":{"start":{"line":215,"column":0},"end":{"line":215,"column":10}},"215":{"start":{"line":216,"column":0},"end":{"line":216,"column":4}},"216":{"start":{"line":217,"column":0},"end":{"line":217,"column":1}}},"s":{"0":0,"1":0,"2":0,"3":0,"4":0,"5":0,"6":0,"7":0,"8":0,"9":0,"10":0,"11":0,"12":0,"13":0,"14":0,"15":0,"16":0,"17":0,"18":0,"19":0,"20":0,"21":0,"22":0,"23":0,"24":0,"25":0,"26":0,"27":0,"28":0,"29":0,"30":0,"31":0,"32":0,"33":0,"34":0,"35":0,"36":0,"37":0,"38":0,"39":0,"40":0,"41":0,"42":0,"43":0,"44":0,"45":0,"46":0,"47":0,"48":0,"49":0,"50":0,"51":0,"52":0,"53":0,"54":0,"55":0,"56":0,"57":0,"58":0,"59":0,"60":0,"61":0,"62":0,"63":0,"64":0,"65":0,"66":0,"67":0,"68":0,"69":0,"70":0,"71":0,"72":0,"73":0,"74":0,"75":0,"76":0,"77":0,"78":0,"79":0,"80":0,"81":0,"82":0,"83":0,"84":0,"85":0,"86":0,"87":0,"88":0,"89":0,"90":0,"91":0,"92":0,"93":0,"94":0,"95":0,"96":0,"97":0,"98":0,"99":0,"100":0,"101":0,"102":0,"103":0,"104":0,"105":0,"106":0,"107":0,"108":0,"109":0,"110":0,"111":0,"112":0,"113":0,"114":0,"115":0,"116":0,"117":0,"118":0,"119":0,"120":0,"121":0,"122":0,"123":0,"124":0,"125":0,"126":0,"127":0,"128":0,"129":0,"130":0,"131":0,"132":0,"133":0,"134":0,"135":0,"136":0,"137":0,"138":0,"139":0,"140":0,"141":0,"142":0,"143":0,"144":0,"145":0,"146":0,"147":0,"148":0,"149":0,"150":0,"151":0,"152":0,"153":0,"154":0,"155":0,"156":0,"157":0,"158":0,"159":0,"160":0,"161":0,"162":0,"163":0,"164":0,"165":0,"166":0,"167":0,"168":0,"169":0,"170":0,"171":0,"172":0,"173":0,"174":0,"175":0,"176":0,"177":0,"178":0,"179":0,"180":0,"181":0,"182":0,"183":0,"184":0,"185":0,"186":0,"187":0,"188":0,"189":0,"190":0,"191":0,"192":0,"193":0,"194":0,"195":0,"196":0,"197":0,"198":0,"199":0,"200":0,"201":0,"202":0,"203":0,"204":0,"205":0,"206":0,"207":0,"208":0,"209":0,"210":0,"211":0,"212":0,"213":0,"214":0,"215":0,"216":0},"branchMap":{"0":{"type":"branch","line":1,"loc":{"start":{"line":1,"column":0},"end":{"line":217,"column":1}},"locations":[{"start":{"line":1,"column":0},"end":{"line":217,"column":1}}]}},"b":{"0":[0]},"fnMap":{"0":{"name":"(empty-report)","decl":{"start":{"line":1,"column":0},"end":{"line":217,"column":1}},"loc":{"start":{"line":1,"column":0},"end":{"line":217,"column":1}},"line":1}},"f":{"0":0}}
,"E:\\Election app\\-ElectionIQ-Your-Interactive-Election-Process-Assistant\\frontend\\src\\services\\api.js": {"path":"E:\\Election app\\-ElectionIQ-Your-Interactive-Election-Process-Assistant\\frontend\\src\\services\\api.js","all":false,"statementMap":{"0":{"start":{"line":1,"column":0},"end":{"line":1,"column":57}},"2":{"start":{"line":3,"column":0},"end":{"line":3,"column":48}},"3":{"start":{"line":4,"column":0},"end":{"line":4,"column":39}},"4":{"start":{"line":5,"column":0},"end":{"line":5,"column":18}},"5":{"start":{"line":6,"column":0},"end":{"line":6,"column":52}},"6":{"start":{"line":7,"column":0},"end":{"line":7,"column":15}},"7":{"start":{"line":8,"column":0},"end":{"line":8,"column":4}},"9":{"start":{"line":10,"column":0},"end":{"line":10,"column":44}},"11":{"start":{"line":12,"column":0},"end":{"line":12,"column":21}},"12":{"start":{"line":13,"column":0},"end":{"line":13,"column":62}},"13":{"start":{"line":14,"column":0},"end":{"line":14,"column":76}},"14":{"start":{"line":15,"column":0},"end":{"line":15,"column":35}},"15":{"start":{"line":16,"column":0},"end":{"line":16,"column":33}},"16":{"start":{"line":17,"column":0},"end":{"line":17,"column":14}},"17":{"start":{"line":18,"column":0},"end":{"line":18,"column":3}},"19":{"start":{"line":20,"column":0},"end":{"line":20,"column":31}},"20":{"start":{"line":21,"column":0},"end":{"line":21,"column":59}},"21":{"start":{"line":22,"column":0},"end":{"line":22,"column":53}},"22":{"start":{"line":23,"column":0},"end":{"line":23,"column":34}},"23":{"start":{"line":24,"column":0},"end":{"line":24,"column":3}},"25":{"start":{"line":26,"column":0},"end":{"line":26,"column":25}},"26":{"start":{"line":27,"column":0},"end":{"line":27,"column":1}},"28":{"start":{"line":29,"column":0},"end":{"line":29,"column":81}},"29":{"start":{"line":30,"column":0},"end":{"line":30,"column":91}},"30":{"start":{"line":31,"column":0},"end":{"line":31,"column":39}},"31":{"start":{"line":32,"column":0},"end":{"line":32,"column":19}},"32":{"start":{"line":33,"column":0},"end":{"line":33,"column":66}},"33":{"start":{"line":34,"column":0},"end":{"line":34,"column":5}},"34":{"start":{"line":35,"column":0},"end":{"line":35,"column":1}},"36":{"start":{"line":37,"column":0},"end":{"line":37,"column":57}},"37":{"start":{"line":38,"column":0},"end":{"line":38,"column":61}},"38":{"start":{"line":39,"column":0},"end":{"line":39,"column":1}},"40":{"start":{"line":41,"column":0},"end":{"line":41,"column":81}},"41":{"start":{"line":42,"column":0},"end":{"line":42,"column":74}},"42":{"start":{"line":43,"column":0},"end":{"line":43,"column":34}},"43":{"start":{"line":44,"column":0},"end":{"line":44,"column":56}},"44":{"start":{"line":45,"column":0},"end":{"line":45,"column":48}},"46":{"start":{"line":47,"column":0},"end":{"line":47,"column":49}},"47":{"start":{"line":48,"column":0},"end":{"line":48,"column":72}},"49":{"start":{"line":50,"column":0},"end":{"line":50,"column":21}},"50":{"start":{"line":51,"column":0},"end":{"line":51,"column":56}},"51":{"start":{"line":52,"column":0},"end":{"line":52,"column":57}},"52":{"start":{"line":53,"column":0},"end":{"line":53,"column":3}},"53":{"start":{"line":54,"column":0},"end":{"line":54,"column":25}},"54":{"start":{"line":55,"column":0},"end":{"line":55,"column":1}},"56":{"start":{"line":57,"column":0},"end":{"line":57,"column":70}},"57":{"start":{"line":58,"column":0},"end":{"line":58,"column":43}},"58":{"start":{"line":59,"column":0},"end":{"line":59,"column":19}},"59":{"start":{"line":60,"column":0},"end":{"line":60,"column":49}},"60":{"start":{"line":61,"column":0},"end":{"line":61,"column":5}},"61":{"start":{"line":62,"column":0},"end":{"line":62,"column":1}},"63":{"start":{"line":64,"column":0},"end":{"line":64,"column":81}},"64":{"start":{"line":65,"column":0},"end":{"line":65,"column":82}},"65":{"start":{"line":66,"column":0},"end":{"line":66,"column":48}},"66":{"start":{"line":67,"column":0},"end":{"line":67,"column":19}},"67":{"start":{"line":68,"column":0},"end":{"line":68,"column":67}},"68":{"start":{"line":69,"column":0},"end":{"line":69,"column":5}},"69":{"start":{"line":70,"column":0},"end":{"line":70,"column":1}},"71":{"start":{"line":72,"column":0},"end":{"line":72,"column":44}},"72":{"start":{"line":73,"column":0},"end":{"line":73,"column":45}},"73":{"start":{"line":74,"column":0},"end":{"line":74,"column":19}},"74":{"start":{"line":75,"column":0},"end":{"line":75,"column":35}},"75":{"start":{"line":76,"column":0},"end":{"line":76,"column":5}},"76":{"start":{"line":77,"column":0},"end":{"line":77,"column":1}},"78":{"start":{"line":79,"column":0},"end":{"line":79,"column":38}},"79":{"start":{"line":80,"column":0},"end":{"line":80,"column":47}},"80":{"start":{"line":81,"column":0},"end":{"line":81,"column":1}},"82":{"start":{"line":83,"column":0},"end":{"line":83,"column":81}},"83":{"start":{"line":84,"column":0},"end":{"line":84,"column":47}},"84":{"start":{"line":85,"column":0},"end":{"line":85,"column":44}},"85":{"start":{"line":86,"column":0},"end":{"line":86,"column":1}},"87":{"start":{"line":88,"column":0},"end":{"line":88,"column":69}},"88":{"start":{"line":89,"column":0},"end":{"line":89,"column":50}},"89":{"start":{"line":90,"column":0},"end":{"line":90,"column":18}},"90":{"start":{"line":91,"column":0},"end":{"line":91,"column":48}},"91":{"start":{"line":92,"column":0},"end":{"line":92,"column":5}},"92":{"start":{"line":93,"column":0},"end":{"line":93,"column":1}},"94":{"start":{"line":95,"column":0},"end":{"line":95,"column":42}},"95":{"start":{"line":96,"column":0},"end":{"line":96,"column":40}},"96":{"start":{"line":97,"column":0},"end":{"line":97,"column":1}},"98":{"start":{"line":99,"column":0},"end":{"line":99,"column":81}},"99":{"start":{"line":100,"column":0},"end":{"line":100,"column":39}},"100":{"start":{"line":101,"column":0},"end":{"line":101,"column":37}},"101":{"start":{"line":102,"column":0},"end":{"line":102,"column":1}},"103":{"start":{"line":104,"column":0},"end":{"line":104,"column":63}},"104":{"start":{"line":105,"column":0},"end":{"line":105,"column":40}},"105":{"start":{"line":106,"column":0},"end":{"line":106,"column":19}},"106":{"start":{"line":107,"column":0},"end":{"line":107,"column":48}},"107":{"start":{"line":108,"column":0},"end":{"line":108,"column":5}},"108":{"start":{"line":109,"column":0},"end":{"line":109,"column":1}},"110":{"start":{"line":111,"column":0},"end":{"line":111,"column":93}},"111":{"start":{"line":112,"column":0},"end":{"line":112,"column":39}},"112":{"start":{"line":113,"column":0},"end":{"line":113,"column":19}},"113":{"start":{"line":114,"column":0},"end":{"line":114,"column":81}},"114":{"start":{"line":115,"column":0},"end":{"line":115,"column":5}},"115":{"start":{"line":116,"column":0},"end":{"line":116,"column":1}},"117":{"start":{"line":118,"column":0},"end":{"line":118,"column":56}},"118":{"start":{"line":119,"column":0},"end":{"line":119,"column":38}},"119":{"start":{"line":120,"column":0},"end":{"line":120,"column":19}},"120":{"start":{"line":121,"column":0},"end":{"line":121,"column":48}},"121":{"start":{"line":122,"column":0},"end":{"line":122,"column":5}},"122":{"start":{"line":123,"column":0},"end":{"line":123,"column":1}},"124":{"start":{"line":125,"column":0},"end":{"line":125,"column":81}},"125":{"start":{"line":126,"column":0},"end":{"line":126,"column":47}},"126":{"start":{"line":127,"column":0},"end":{"line":127,"column":54}},"127":{"start":{"line":128,"column":0},"end":{"line":128,"column":1}},"129":{"start":{"line":130,"column":0},"end":{"line":130,"column":81}},"130":{"start":{"line":131,"column":0},"end":{"line":131,"column":37}},"131":{"start":{"line":132,"column":0},"end":{"line":132,"column":32}},"132":{"start":{"line":133,"column":0},"end":{"line":133,"column":1}}},"s":{"0":1,"2":4,"3":4,"4":4,"5":4,"6":4,"7":4,"9":4,"11":4,"12":2,"13":2,"14":2,"15":2,"16":2,"17":2,"19":2,"20":2,"21":4,"22":0,"23":0,"25":2,"26":2,"28":1,"29":1,"30":2,"31":2,"32":2,"33":2,"34":2,"36":1,"37":0,"38":0,"40":1,"41":1,"42":0,"43":0,"44":0,"46":0,"47":0,"49":0,"50":0,"51":0,"52":0,"53":0,"54":0,"56":1,"57":0,"58":0,"59":0,"60":0,"61":0,"63":1,"64":1,"65":0,"66":0,"67":0,"68":0,"69":0,"71":1,"72":0,"73":0,"74":0,"75":0,"76":0,"78":1,"79":0,"80":0,"82":1,"83":1,"84":0,"85":0,"87":1,"88":0,"89":0,"90":0,"91":0,"92":0,"94":1,"95":0,"96":0,"98":1,"99":1,"100":0,"101":0,"103":1,"104":0,"105":0,"106":0,"107":0,"108":0,"110":1,"111":0,"112":0,"113":0,"114":0,"115":0,"117":1,"118":0,"119":0,"120":0,"121":0,"122":0,"124":1,"125":1,"126":0,"127":0,"129":1,"130":1,"131":2,"132":2},"branchMap":{"0":{"type":"branch","line":1,"loc":{"start":{"line":1,"column":51},"end":{"line":1,"column":56}},"locations":[{"start":{"line":1,"column":51},"end":{"line":1,"column":56}}]},"1":{"type":"branch","line":3,"loc":{"start":{"line":3,"column":0},"end":{"line":27,"column":1}},"locations":[{"start":{"line":3,"column":0},"end":{"line":27,"column":1}}]},"2":{"type":"branch","line":12,"loc":{"start":{"line":12,"column":20},"end":{"line":22,"column":50}},"locations":[{"start":{"line":12,"column":20},"end":{"line":22,"column":50}}]},"3":{"type":"branch","line":14,"loc":{"start":{"line":14,"column":36},"end":{"line":14,"column":75}},"locations":[{"start":{"line":14,"column":36},"end":{"line":14,"column":75}}]},"4":{"type":"branch","line":22,"loc":{"start":{"line":22,"column":52},"end":{"line":24,"column":3}},"locations":[{"start":{"line":22,"column":52},"end":{"line":24,"column":3}}]},"5":{"type":"branch","line":24,"loc":{"start":{"line":24,"column":2},"end":{"line":27,"column":1}},"locations":[{"start":{"line":24,"column":2},"end":{"line":27,"column":1}}]},"6":{"type":"branch","line":13,"loc":{"start":{"line":13,"column":50},"end":{"line":13,"column":60}},"locations":[{"start":{"line":13,"column":50},"end":{"line":13,"column":60}}]},"7":{"type":"branch","line":30,"loc":{"start":{"line":30,"column":7},"end":{"line":35,"column":1}},"locations":[{"start":{"line":30,"column":7},"end":{"line":35,"column":1}}]},"8":{"type":"branch","line":131,"loc":{"start":{"line":131,"column":7},"end":{"line":133,"column":1}},"locations":[{"start":{"line":131,"column":7},"end":{"line":133,"column":1}}]}},"b":{"0":[0],"1":[4],"2":[2],"3":[1],"4":[0],"5":[2],"6":[1],"7":[2],"8":[2]},"fnMap":{"0":{"name":"request","decl":{"start":{"line":3,"column":0},"end":{"line":27,"column":1}},"loc":{"start":{"line":3,"column":0},"end":{"line":27,"column":1}},"line":3},"1":{"name":"sendMessage","decl":{"start":{"line":30,"column":7},"end":{"line":35,"column":1}},"loc":{"start":{"line":30,"column":7},"end":{"line":35,"column":1}},"line":30},"2":{"name":"getChatHistory","decl":{"start":{"line":37,"column":7},"end":{"line":39,"column":1}},"loc":{"start":{"line":37,"column":7},"end":{"line":39,"column":1}},"line":37},"3":{"name":"transcribeAudio","decl":{"start":{"line":42,"column":7},"end":{"line":55,"column":1}},"loc":{"start":{"line":42,"column":7},"end":{"line":55,"column":1}},"line":42},"4":{"name":"synthesizeSpeech","decl":{"start":{"line":57,"column":7},"end":{"line":62,"column":1}},"loc":{"start":{"line":57,"column":7},"end":{"line":62,"column":1}},"line":57},"5":{"name":"translateText","decl":{"start":{"line":65,"column":7},"end":{"line":70,"column":1}},"loc":{"start":{"line":65,"column":7},"end":{"line":70,"column":1}},"line":65},"6":{"name":"detectLanguage","decl":{"start":{"line":72,"column":7},"end":{"line":77,"column":1}},"loc":{"start":{"line":72,"column":7},"end":{"line":77,"column":1}},"line":72},"7":{"name":"getLanguages","decl":{"start":{"line":79,"column":7},"end":{"line":81,"column":1}},"loc":{"start":{"line":79,"column":7},"end":{"line":81,"column":1}},"line":79},"8":{"name":"getUserProgress","decl":{"start":{"line":84,"column":7},"end":{"line":86,"column":1}},"loc":{"start":{"line":84,"column":7},"end":{"line":86,"column":1}},"line":84},"9":{"name":"updateStepProgress","decl":{"start":{"line":88,"column":7},"end":{"line":93,"column":1}},"loc":{"start":{"line":88,"column":7},"end":{"line":93,"column":1}},"line":88},"10":{"name":"getElectionSteps","decl":{"start":{"line":95,"column":7},"end":{"line":97,"column":1}},"loc":{"start":{"line":95,"column":7},"end":{"line":97,"column":1}},"line":95},"11":{"name":"getQuizTopics","decl":{"start":{"line":100,"column":7},"end":{"line":102,"column":1}},"loc":{"start":{"line":100,"column":7},"end":{"line":102,"column":1}},"line":100},"12":{"name":"generateQuizQuestion","decl":{"start":{"line":104,"column":7},"end":{"line":109,"column":1}},"loc":{"start":{"line":104,"column":7},"end":{"line":109,"column":1}},"line":104},"13":{"name":"explainQuizAnswer","decl":{"start":{"line":111,"column":7},"end":{"line":116,"column":1}},"loc":{"start":{"line":111,"column":7},"end":{"line":116,"column":1}},"line":111},"14":{"name":"submitQuizResult","decl":{"start":{"line":118,"column":7},"end":{"line":123,"column":1}},"loc":{"start":{"line":118,"column":7},"end":{"line":123,"column":1}},"line":118},"15":{"name":"getElectionEvents","decl":{"start":{"line":126,"column":7},"end":{"line":128,"column":1}},"loc":{"start":{"line":126,"column":7},"end":{"line":128,"column":1}},"line":126},"16":{"name":"checkHealth","decl":{"start":{"line":131,"column":7},"end":{"line":133,"column":1}},"loc":{"start":{"line":131,"column":7},"end":{"line":133,"column":1}},"line":131}},"f":{"0":4,"1":2,"2":0,"3":0,"4":0,"5":0,"6":0,"7":0,"8":0,"9":0,"10":0,"11":0,"12":0,"13":0,"14":0,"15":0,"16":2}}
}
