{"E:\\Election app\\-ElectionIQ-Your-Interactive-Election-Process-Assistant\\backend\\src\\config\\firebase.js": {"path":"E:\\Election app\\-ElectionIQ-Your-Interactive-Election-Process-Assistant\\backend\\src\\config\\firebase.js","statementMap":{"0":{"start":{"line":1,"column":14},"end":{"line":1,"column":39}},"1":{"start":{"line":3,"column":9},"end":{"line":3,"column":13}},"2":{"start":{"line":11,"column":2},"end":{"line":22,"column":3}},"3":{"start":{"line":12,"column":4},"end":{"line":21,"column":5}},"4":{"start":{"line":13,"column":6},"end":{"line":16,"column":9}},"5":{"start":{"line":17,"column":6},"end":{"line":17,"column":50}},"6":{"start":{"line":19,"column":6},"end":{"line":19,"column":76}},"7":{"start":{"line":20,"column":6},"end":{"line":20,"column":16}},"8":{"start":{"line":23,"column":2},"end":{"line":23,"column":25}},"9":{"start":{"line":24,"column":2},"end":{"line":24,"column":12}},"10":{"start":{"line":32,"column":2},"end":{"line":34,"column":3}},"11":{"start":{"line":33,"column":4},"end":{"line":33,"column":32}},"12":{"start":{"line":35,"column":2},"end":{"line":35,"column":12}},"13":{"start":{"line":38,"column":0},"end":{"line":38,"column":54}}},"fnMap":{"0":{"name":"initializeFirebase","decl":{"start":{"line":10,"column":9},"end":{"line":10,"column":27}},"loc":{"start":{"line":10,"column":30},"end":{"line":25,"column":1}},"line":10},"1":{"name":"getDb","decl":{"start":{"line":31,"column":9},"end":{"line":31,"column":14}},"loc":{"start":{"line":31,"column":17},"end":{"line":36,"column":1}},"line":31}},"branchMap":{"0":{"loc":{"start":{"line":11,"column":2},"end":{"line":22,"column":3}},"type":"if","locations":[{"start":{"line":11,"column":2},"end":{"line":22,"column":3}},{"start":{},"end":{}}],"line":11},"1":{"loc":{"start":{"line":32,"column":2},"end":{"line":34,"column":3}},"type":"if","locations":[{"start":{"line":32,"column":2},"end":{"line":34,"column":3}},{"start":{},"end":{}}],"line":32}},"s":{"0":1,"1":1,"2":0,"3":0,"4":0,"5":0,"6":0,"7":0,"8":0,"9":0,"10":0,"11":0,"12":0,"13":1},"f":{"0":0,"1":0},"b":{"0":[0,0],"1":[0,0]},"_coverageSchema":"1a1c01bbd47fc00a2c39e90264f33305004495a9","hash":"dbcee63939f8d10cabd594851d879f49d69e01ec"}
,"E:\\Election app\\-ElectionIQ-Your-Interactive-Election-Process-Assistant\\backend\\src\\routes\\calendar.js": {"path":"E:\\Election app\\-ElectionIQ-Your-Interactive-Election-Process-Assistant\\backend\\src\\routes\\calendar.js","statementMap":{"0":{"start":{"line":1,"column":16},"end":{"line":1,"column":34}},"1":{"start":{"line":2,"column":15},"end":{"line":2,"column":31}},"2":{"start":{"line":9,"column":0},"end":{"line":86,"column":3}},"3":{"start":{"line":10,"column":15},"end":{"line":10,"column":71}},"4":{"start":{"line":12,"column":17},"end":{"line":83,"column":3}},"5":{"start":{"line":85,"column":2},"end":{"line":85,"column":29}},"6":{"start":{"line":88,"column":0},"end":{"line":88,"column":24}}},"fnMap":{"0":{"name":"(anonymous_0)","decl":{"start":{"line":9,"column":22},"end":{"line":9,"column":23}},"loc":{"start":{"line":9,"column":36},"end":{"line":86,"column":1}},"line":9}},"branchMap":{"0":{"loc":{"start":{"line":10,"column":15},"end":{"line":10,"column":71}},"type":"binary-expr","locations":[{"start":{"line":10,"column":15},"end":{"line":10,"column":43}},{"start":{"line":10,"column":47},"end":{"line":10,"column":71}}],"line":10}},"s":{"0":3,"1":3,"2":3,"3":0,"4":0,"5":0,"6":3},"f":{"0":0},"b":{"0":[0,0]},"_coverageSchema":"1a1c01bbd47fc00a2c39e90264f33305004495a9","hash":"dd810b8321870b00d91083964cae147f590fcf94"}
,"E:\\Election app\\-ElectionIQ-Your-Interactive-Election-Process-Assistant\\backend\\src\\routes\\chat.js": {"path":"E:\\Election app\\-ElectionIQ-Your-Interactive-Election-Process-Assistant\\backend\\src\\routes\\chat.js","statementMap":{"0":{"start":{"line":1,"column":16},"end":{"line":1,"column":34}},"1":{"start":{"line":2,"column":35},"end":{"line":2,"column":63}},"2":{"start":{"line":3,"column":28},"end":{"line":3,"column":59}},"3":{"start":{"line":4,"column":44},"end":{"line":4,"column":76}},"4":{"start":{"line":6,"column":15},"end":{"line":6,"column":31}},"5":{"start":{"line":12,"column":0},"end":{"line":77,"column":2}},"6":{"start":{"line":33,"column":19},"end":{"line":33,"column":40}},"7":{"start":{"line":34,"column":4},"end":{"line":37,"column":5}},"8":{"start":{"line":35,"column":6},"end":{"line":35,"column":74}},"9":{"start":{"line":36,"column":6},"end":{"line":36,"column":116}},"10":{"start":{"line":39,"column":4},"end":{"line":75,"column":5}},"11":{"start":{"line":40,"column":54},"end":{"line":40,"column":62}},"12":{"start":{"line":43,"column":24},"end":{"line":43,"column":37}},"13":{"start":{"line":44,"column":6},"end":{"line":50,"column":7}},"14":{"start":{"line":45,"column":8},"end":{"line":49,"column":9}},"15":{"start":{"line":46,"column":10},"end":{"line":46,"column":64}},"16":{"start":{"line":48,"column":10},"end":{"line":48,"column":83}},"17":{"start":{"line":52,"column":21},"end":{"line":52,"column":64}},"18":{"start":{"line":55,"column":6},"end":{"line":61,"column":7}},"19":{"start":{"line":56,"column":8},"end":{"line":60,"column":9}},"20":{"start":{"line":57,"column":10},"end":{"line":57,"column":74}},"21":{"start":{"line":59,"column":10},"end":{"line":59,"column":68}},"22":{"start":{"line":63,"column":6},"end":{"line":66,"column":9}},"23":{"start":{"line":68,"column":6},"end":{"line":68,"column":40}},"24":{"start":{"line":69,"column":22},"end":{"line":69,"column":81}},"25":{"start":{"line":70,"column":6},"end":{"line":74,"column":9}},"26":{"start":{"line":83,"column":0},"end":{"line":92,"column":3}},"27":{"start":{"line":84,"column":2},"end":{"line":91,"column":3}},"28":{"start":{"line":85,"column":34},"end":{"line":85,"column":44}},"29":{"start":{"line":86,"column":20},"end":{"line":86,"column":59}},"30":{"start":{"line":87,"column":4},"end":{"line":87,"column":26}},"31":{"start":{"line":89,"column":4},"end":{"line":89,"column":55}},"32":{"start":{"line":90,"column":4},"end":{"line":90,"column":68}},"33":{"start":{"line":94,"column":0},"end":{"line":94,"column":24}}},"fnMap":{"0":{"name":"(anonymous_0)","decl":{"start":{"line":32,"column":2},"end":{"line":32,"column":3}},"loc":{"start":{"line":32,"column":22},"end":{"line":76,"column":3}},"line":32},"1":{"name":"(anonymous_1)","decl":{"start":{"line":83,"column":42},"end":{"line":83,"column":43}},"loc":{"start":{"line":83,"column":62},"end":{"line":92,"column":1}},"line":83}},"branchMap":{"0":{"loc":{"start":{"line":34,"column":4},"end":{"line":37,"column":5}},"type":"if","locations":[{"start":{"line":34,"column":4},"end":{"line":37,"column":5}},{"start":{},"end":{}}],"line":34},"1":{"loc":{"start":{"line":36,"column":67},"end":{"line":36,"column":112}},"type":"binary-expr","locations":[{"start":{"line":36,"column":67},"end":{"line":36,"column":89}},{"start":{"line":36,"column":93},"end":{"line":36,"column":112}}],"line":36},"2":{"loc":{"start":{"line":43,"column":24},"end":{"line":43,"column":37}},"type":"binary-expr","locations":[{"start":{"line":43,"column":24},"end":{"line":43,"column":31}},{"start":{"line":43,"column":35},"end":{"line":43,"column":37}}],"line":43},"3":{"loc":{"start":{"line":44,"column":6},"end":{"line":50,"column":7}},"type":"if","locations":[{"start":{"line":44,"column":6},"end":{"line":50,"column":7}},{"start":{},"end":{}}],"line":44},"4":{"loc":{"start":{"line":44,"column":10},"end":{"line":44,"column":41}},"type":"binary-expr","locations":[{"start":{"line":44,"column":10},"end":{"line":44,"column":16}},{"start":{"line":44,"column":20},"end":{"line":44,"column":29}},{"start":{"line":44,"column":33},"end":{"line":44,"column":41}}],"line":44},"5":{"loc":{"start":{"line":55,"column":6},"end":{"line":61,"column":7}},"type":"if","locations":[{"start":{"line":55,"column":6},"end":{"line":61,"column":7}},{"start":{},"end":{}}],"line":55},"6":{"loc":{"start":{"line":55,"column":10},"end":{"line":55,"column":29}},"type":"binary-expr","locations":[{"start":{"line":55,"column":10},"end":{"line":55,"column":16}},{"start":{"line":55,"column":20},"end":{"line":55,"column":29}}],"line":55},"7":{"loc":{"start":{"line":69,"column":22},"end":{"line":69,"column":81}},"type":"binary-expr","locations":[{"start":{"line":69,"column":22},"end":{"line":69,"column":59}},{"start":{"line":69,"column":63},"end":{"line":69,"column":81}}],"line":69},"8":{"loc":{"start":{"line":71,"column":15},"end":{"line":73,"column":44}},"type":"cond-expr","locations":[{"start":{"line":72,"column":12},"end":{"line":72,"column":87}},{"start":{"line":73,"column":12},"end":{"line":73,"column":44}}],"line":71}},"s":{"0":3,"1":3,"2":3,"3":3,"4":3,"5":3,"6":5,"7":5,"8":3,"9":3,"10":2,"11":2,"12":2,"13":2,"14":0,"15":0,"16":0,"17":2,"18":2,"19":0,"20":0,"21":0,"22":2,"23":0,"24":0,"25":0,"26":3,"27":1,"28":1,"29":1,"30":1,"31":0,"32":0,"33":3},"f":{"0":5,"1":1},"b":{"0":[3,2],"1":[3,0],"2":[2,1],"3":[0,2],"4":[2,0,0],"5":[0,2],"6":[2,0],"7":[0,0],"8":[0,0]},"_coverageSchema":"1a1c01bbd47fc00a2c39e90264f33305004495a9","hash":"02a638faa923b90d5dcb5b98e111d9dfe59daf28"}
,"E:\\Election app\\-ElectionIQ-Your-Interactive-Election-Process-Assistant\\backend\\src\\routes\\health.js": {"path":"E:\\Election app\\-ElectionIQ-Your-Interactive-Election-Process-Assistant\\backend\\src\\routes\\health.js","statementMap":{"0":{"start":{"line":1,"column":16},"end":{"line":1,"column":34}},"1":{"start":{"line":2,"column":15},"end":{"line":2,"column":31}},"2":{"start":{"line":4,"column":0},"end":{"line":11,"column":3}},"3":{"start":{"line":5,"column":2},"end":{"line":10,"column":5}},"4":{"start":{"line":13,"column":0},"end":{"line":13,"column":24}}},"fnMap":{"0":{"name":"(anonymous_0)","decl":{"start":{"line":4,"column":16},"end":{"line":4,"column":17}},"loc":{"start":{"line":4,"column":30},"end":{"line":11,"column":1}},"line":4}},"branchMap":{},"s":{"0":3,"1":3,"2":3,"3":1,"4":3},"f":{"0":1},"b":{},"_coverageSchema":"1a1c01bbd47fc00a2c39e90264f33305004495a9","hash":"75e393a7f6361fb417cd274d4a8fb075a235322d"}
,"E:\\Election app\\-ElectionIQ-Your-Interactive-Election-Process-Assistant\\backend\\src\\routes\\progress.js": {"path":"E:\\Election app\\-ElectionIQ-Your-Interactive-Election-Process-Assistant\\backend\\src\\routes\\progress.js","statementMap":{"0":{"start":{"line":1,"column":16},"end":{"line":1,"column":34}},"1":{"start":{"line":2,"column":42},"end":{"line":2,"column":70}},"2":{"start":{"line":3,"column":64},"end":{"line":3,"column":96}},"3":{"start":{"line":5,"column":15},"end":{"line":5,"column":31}},"4":{"start":{"line":11,"column":0},"end":{"line":13,"column":3}},"5":{"start":{"line":12,"column":2},"end":{"line":12,"column":38}},"6":{"start":{"line":19,"column":0},"end":{"line":36,"column":2}},"7":{"start":{"line":23,"column":19},"end":{"line":23,"column":40}},"8":{"start":{"line":24,"column":4},"end":{"line":26,"column":5}},"9":{"start":{"line":25,"column":6},"end":{"line":25,"column":62}},"10":{"start":{"line":28,"column":4},"end":{"line":34,"column":5}},"11":{"start":{"line":29,"column":23},"end":{"line":29,"column":63}},"12":{"start":{"line":30,"column":6},"end":{"line":30,"column":55}},"13":{"start":{"line":32,"column":6},"end":{"line":32,"column":53}},"14":{"start":{"line":33,"column":6},"end":{"line":33,"column":66}},"15":{"start":{"line":42,"column":0},"end":{"line":68,"column":2}},"16":{"start":{"line":49,"column":38},"end":{"line":49,"column":42}},"17":{"start":{"line":54,"column":19},"end":{"line":54,"column":40}},"18":{"start":{"line":55,"column":4},"end":{"line":57,"column":5}},"19":{"start":{"line":56,"column":6},"end":{"line":56,"column":62}},"20":{"start":{"line":59,"column":4},"end":{"line":66,"column":5}},"21":{"start":{"line":60,"column":36},"end":{"line":60,"column":44}},"22":{"start":{"line":61,"column":21},"end":{"line":61,"column":83}},"23":{"start":{"line":62,"column":6},"end":{"line":62,"column":23}},"24":{"start":{"line":64,"column":6},"end":{"line":64,"column":53}},"25":{"start":{"line":65,"column":6},"end":{"line":65,"column":67}},"26":{"start":{"line":70,"column":0},"end":{"line":70,"column":24}}},"fnMap":{"0":{"name":"(anonymous_0)","decl":{"start":{"line":11,"column":21},"end":{"line":11,"column":22}},"loc":{"start":{"line":11,"column":35},"end":{"line":13,"column":1}},"line":11},"1":{"name":"(anonymous_1)","decl":{"start":{"line":22,"column":2},"end":{"line":22,"column":3}},"loc":{"start":{"line":22,"column":22},"end":{"line":35,"column":3}},"line":22},"2":{"name":"(anonymous_2)","decl":{"start":{"line":49,"column":31},"end":{"line":49,"column":32}},"loc":{"start":{"line":49,"column":38},"end":{"line":49,"column":42}},"line":49},"3":{"name":"(anonymous_3)","decl":{"start":{"line":53,"column":2},"end":{"line":53,"column":3}},"loc":{"start":{"line":53,"column":22},"end":{"line":67,"column":3}},"line":53}},"branchMap":{"0":{"loc":{"start":{"line":24,"column":4},"end":{"line":26,"column":5}},"type":"if","locations":[{"start":{"line":24,"column":4},"end":{"line":26,"column":5}},{"start":{},"end":{}}],"line":24},"1":{"loc":{"start":{"line":55,"column":4},"end":{"line":57,"column":5}},"type":"if","locations":[{"start":{"line":55,"column":4},"end":{"line":57,"column":5}},{"start":{},"end":{}}],"line":55}},"s":{"0":3,"1":3,"2":3,"3":3,"4":3,"5":0,"6":3,"7":0,"8":0,"9":0,"10":0,"11":0,"12":0,"13":0,"14":0,"15":3,"16":8,"17":0,"18":0,"19":0,"20":0,"21":0,"22":0,"23":0,"24":0,"25":0,"26":3},"f":{"0":0,"1":0,"2":8,"3":0},"b":{"0":[0,0],"1":[0,0]},"_coverageSchema":"1a1c01bbd47fc00a2c39e90264f33305004495a9","hash":"9d1bb65603316d342a5bce2b390a1457951f26bc"}
,"E:\\Election app\\-ElectionIQ-Your-Interactive-Election-Process-Assistant\\backend\\src\\routes\\quiz.js": {"path":"E:\\Election app\\-ElectionIQ-Your-Interactive-Election-Process-Assistant\\backend\\src\\routes\\quiz.js","statementMap":{"0":{"start":{"line":1,"column":16},"end":{"line":1,"column":34}},"1":{"start":{"line":2,"column":35},"end":{"line":2,"column":63}},"2":{"start":{"line":3,"column":52},"end":{"line":3,"column":83}},"3":{"start":{"line":4,"column":27},"end":{"line":4,"column":59}},"4":{"start":{"line":6,"column":15},"end":{"line":6,"column":31}},"5":{"start":{"line":8,"column":20},"end":{"line":21,"column":1}},"6":{"start":{"line":27,"column":0},"end":{"line":29,"column":3}},"7":{"start":{"line":28,"column":2},"end":{"line":28,"column":36}},"8":{"start":{"line":35,"column":0},"end":{"line":64,"column":2}},"9":{"start":{"line":48,"column":19},"end":{"line":48,"column":40}},"10":{"start":{"line":49,"column":4},"end":{"line":51,"column":5}},"11":{"start":{"line":50,"column":6},"end":{"line":50,"column":62}},"12":{"start":{"line":53,"column":4},"end":{"line":62,"column":5}},"13":{"start":{"line":54,"column":20},"end":{"line":54,"column":97}},"14":{"start":{"line":55,"column":25},"end":{"line":55,"column":56}},"15":{"start":{"line":57,"column":23},"end":{"line":57,"column":68}},"16":{"start":{"line":58,"column":6},"end":{"line":58,"column":51}},"17":{"start":{"line":60,"column":6},"end":{"line":60,"column":51}},"18":{"start":{"line":61,"column":6},"end":{"line":61,"column":74}},"19":{"start":{"line":70,"column":0},"end":{"line":93,"column":2}},"20":{"start":{"line":79,"column":19},"end":{"line":79,"column":40}},"21":{"start":{"line":80,"column":4},"end":{"line":82,"column":5}},"22":{"start":{"line":81,"column":6},"end":{"line":81,"column":62}},"23":{"start":{"line":84,"column":4},"end":{"line":91,"column":5}},"24":{"start":{"line":85,"column":69},"end":{"line":85,"column":77}},"25":{"start":{"line":86,"column":26},"end":{"line":86,"column":101}},"26":{"start":{"line":87,"column":6},"end":{"line":87,"column":32}},"27":{"start":{"line":89,"column":6},"end":{"line":89,"column":52}},"28":{"start":{"line":90,"column":6},"end":{"line":90,"column":72}},"29":{"start":{"line":99,"column":0},"end":{"line":123,"column":2}},"30":{"start":{"line":109,"column":19},"end":{"line":109,"column":40}},"31":{"start":{"line":110,"column":4},"end":{"line":112,"column":5}},"32":{"start":{"line":111,"column":6},"end":{"line":111,"column":62}},"33":{"start":{"line":114,"column":4},"end":{"line":121,"column":5}},"34":{"start":{"line":115,"column":67},"end":{"line":115,"column":75}},"35":{"start":{"line":116,"column":6},"end":{"line":116,"column":81}},"36":{"start":{"line":117,"column":6},"end":{"line":117,"column":64}},"37":{"start":{"line":119,"column":6},"end":{"line":119,"column":47}},"38":{"start":{"line":120,"column":6},"end":{"line":120,"column":68}},"39":{"start":{"line":125,"column":0},"end":{"line":125,"column":24}}},"fnMap":{"0":{"name":"(anonymous_0)","decl":{"start":{"line":27,"column":22},"end":{"line":27,"column":23}},"loc":{"start":{"line":27,"column":36},"end":{"line":29,"column":1}},"line":27},"1":{"name":"(anonymous_1)","decl":{"start":{"line":47,"column":2},"end":{"line":47,"column":3}},"loc":{"start":{"line":47,"column":22},"end":{"line":63,"column":3}},"line":47},"2":{"name":"(anonymous_2)","decl":{"start":{"line":78,"column":2},"end":{"line":78,"column":3}},"loc":{"start":{"line":78,"column":22},"end":{"line":92,"column":3}},"line":78},"3":{"name":"(anonymous_3)","decl":{"start":{"line":108,"column":2},"end":{"line":108,"column":3}},"loc":{"start":{"line":108,"column":22},"end":{"line":122,"column":3}},"line":108}},"branchMap":{"0":{"loc":{"start":{"line":49,"column":4},"end":{"line":51,"column":5}},"type":"if","locations":[{"start":{"line":49,"column":4},"end":{"line":51,"column":5}},{"start":{},"end":{}}],"line":49},"1":{"loc":{"start":{"line":54,"column":20},"end":{"line":54,"column":97}},"type":"binary-expr","locations":[{"start":{"line":54,"column":20},"end":{"line":54,"column":34}},{"start":{"line":54,"column":38},"end":{"line":54,"column":97}}],"line":54},"2":{"loc":{"start":{"line":55,"column":25},"end":{"line":55,"column":56}},"type":"binary-expr","locations":[{"start":{"line":55,"column":25},"end":{"line":55,"column":44}},{"start":{"line":55,"column":48},"end":{"line":55,"column":56}}],"line":55},"3":{"loc":{"start":{"line":80,"column":4},"end":{"line":82,"column":5}},"type":"if","locations":[{"start":{"line":80,"column":4},"end":{"line":82,"column":5}},{"start":{},"end":{}}],"line":80},"4":{"loc":{"start":{"line":110,"column":4},"end":{"line":112,"column":5}},"type":"if","locations":[{"start":{"line":110,"column":4},"end":{"line":112,"column":5}},{"start":{},"end":{}}],"line":110}},"s":{"0":3,"1":3,"2":3,"3":3,"4":3,"5":3,"6":3,"7":1,"8":3,"9":3,"10":3,"11":1,"12":2,"13":2,"14":2,"15":2,"16":2,"17":0,"18":0,"19":3,"20":2,"21":2,"22":1,"23":1,"24":1,"25":1,"26":1,"27":0,"28":0,"29":3,"30":0,"31":0,"32":0,"33":0,"34":0,"35":0,"36":0,"37":0,"38":0,"39":3},"f":{"0":1,"1":3,"2":2,"3":0},"b":{"0":[1,2],"1":[2,1],"2":[2,0],"3":[1,1],"4":[0,0]},"_coverageSchema":"1a1c01bbd47fc00a2c39e90264f33305004495a9","hash":"f6a99b1830feeb5b8f33c5cee20ae92ddff6bcfa"}
,"E:\\Election app\\-ElectionIQ-Your-Interactive-Election-Process-Assistant\\backend\\src\\routes\\translation.js": {"path":"E:\\Election app\\-ElectionIQ-Your-Interactive-Election-Process-Assistant\\backend\\src\\routes\\translation.js","statementMap":{"0":{"start":{"line":1,"column":16},"end":{"line":1,"column":34}},"1":{"start":{"line":2,"column":35},"end":{"line":2,"column":63}},"2":{"start":{"line":3,"column":89},"end":{"line":3,"column":123}},"3":{"start":{"line":5,"column":15},"end":{"line":5,"column":31}},"4":{"start":{"line":11,"column":0},"end":{"line":44,"column":2}},"5":{"start":{"line":30,"column":19},"end":{"line":30,"column":40}},"6":{"start":{"line":31,"column":4},"end":{"line":33,"column":5}},"7":{"start":{"line":32,"column":6},"end":{"line":32,"column":62}},"8":{"start":{"line":35,"column":4},"end":{"line":42,"column":5}},"9":{"start":{"line":36,"column":55},"end":{"line":36,"column":63}},"10":{"start":{"line":37,"column":21},"end":{"line":37,"column":78}},"11":{"start":{"line":38,"column":6},"end":{"line":38,"column":23}},"12":{"start":{"line":40,"column":6},"end":{"line":40,"column":47}},"13":{"start":{"line":41,"column":6},"end":{"line":41,"column":66}},"14":{"start":{"line":50,"column":0},"end":{"line":73,"column":2}},"15":{"start":{"line":59,"column":19},"end":{"line":59,"column":40}},"16":{"start":{"line":60,"column":4},"end":{"line":62,"column":5}},"17":{"start":{"line":61,"column":6},"end":{"line":61,"column":62}},"18":{"start":{"line":64,"column":4},"end":{"line":71,"column":5}},"19":{"start":{"line":65,"column":23},"end":{"line":65,"column":31}},"20":{"start":{"line":66,"column":21},"end":{"line":66,"column":47}},"21":{"start":{"line":67,"column":6},"end":{"line":67,"column":23}},"22":{"start":{"line":69,"column":6},"end":{"line":69,"column":54}},"23":{"start":{"line":70,"column":6},"end":{"line":70,"column":67}},"24":{"start":{"line":79,"column":0},"end":{"line":81,"column":3}},"25":{"start":{"line":80,"column":2},"end":{"line":80,"column":50}},"26":{"start":{"line":87,"column":0},"end":{"line":95,"column":3}},"27":{"start":{"line":88,"column":2},"end":{"line":94,"column":3}},"28":{"start":{"line":89,"column":22},"end":{"line":89,"column":51}},"29":{"start":{"line":90,"column":4},"end":{"line":90,"column":28}},"30":{"start":{"line":92,"column":4},"end":{"line":92,"column":52}},"31":{"start":{"line":93,"column":4},"end":{"line":93,"column":75}},"32":{"start":{"line":97,"column":0},"end":{"line":97,"column":24}}},"fnMap":{"0":{"name":"(anonymous_0)","decl":{"start":{"line":29,"column":2},"end":{"line":29,"column":3}},"loc":{"start":{"line":29,"column":22},"end":{"line":43,"column":3}},"line":29},"1":{"name":"(anonymous_1)","decl":{"start":{"line":58,"column":2},"end":{"line":58,"column":3}},"loc":{"start":{"line":58,"column":22},"end":{"line":72,"column":3}},"line":58},"2":{"name":"(anonymous_2)","decl":{"start":{"line":79,"column":25},"end":{"line":79,"column":26}},"loc":{"start":{"line":79,"column":39},"end":{"line":81,"column":1}},"line":79},"3":{"name":"(anonymous_3)","decl":{"start":{"line":87,"column":29},"end":{"line":87,"column":30}},"loc":{"start":{"line":87,"column":49},"end":{"line":95,"column":1}},"line":87}},"branchMap":{"0":{"loc":{"start":{"line":31,"column":4},"end":{"line":33,"column":5}},"type":"if","locations":[{"start":{"line":31,"column":4},"end":{"line":33,"column":5}},{"start":{},"end":{}}],"line":31},"1":{"loc":{"start":{"line":60,"column":4},"end":{"line":62,"column":5}},"type":"if","locations":[{"start":{"line":60,"column":4},"end":{"line":62,"column":5}},{"start":{},"end":{}}],"line":60}},"s":{"0":3,"1":3,"2":3,"3":3,"4":3,"5":0,"6":0,"7":0,"8":0,"9":0,"10":0,"11":0,"12":0,"13":0,"14":3,"15":0,"16":0,"17":0,"18":0,"19":0,"20":0,"21":0,"22":0,"23":0,"24":3,"25":0,"26":3,"27":0,"28":0,"29":0,"30":0,"31":0,"32":3},"f":{"0":0,"1":0,"2":0,"3":0},"b":{"0":[0,0],"1":[0,0]},"_coverageSchema":"1a1c01bbd47fc00a2c39e90264f33305004495a9","hash":"b2e7d2a8ee611e217115770b5ab73dd97594d9b7"}
,"E:\\Election app\\-ElectionIQ-Your-Interactive-Election-Process-Assistant\\backend\\src\\routes\\voice.js": {"path":"E:\\Election app\\-ElectionIQ-Your-Interactive-Election-Process-Assistant\\backend\\src\\routes\\voice.js","statementMap":{"0":{"start":{"line":1,"column":16},"end":{"line":1,"column":34}},"1":{"start":{"line":2,"column":15},"end":{"line":2,"column":32}},"2":{"start":{"line":3,"column":35},"end":{"line":3,"column":63}},"3":{"start":{"line":4,"column":46},"end":{"line":4,"column":75}},"4":{"start":{"line":6,"column":15},"end":{"line":6,"column":31}},"5":{"start":{"line":9,"column":15},"end":{"line":12,"column":2}},"6":{"start":{"line":18,"column":0},"end":{"line":40,"column":3}},"7":{"start":{"line":19,"column":2},"end":{"line":39,"column":3}},"8":{"start":{"line":20,"column":4},"end":{"line":22,"column":5}},"9":{"start":{"line":21,"column":6},"end":{"line":21,"column":71}},"10":{"start":{"line":24,"column":25},"end":{"line":24,"column":57}},"11":{"start":{"line":25,"column":21},"end":{"line":25,"column":53}},"12":{"start":{"line":26,"column":23},"end":{"line":26,"column":70}},"13":{"start":{"line":28,"column":23},"end":{"line":33,"column":5}},"14":{"start":{"line":35,"column":4},"end":{"line":35,"column":43}},"15":{"start":{"line":37,"column":4},"end":{"line":37,"column":47}},"16":{"start":{"line":38,"column":4},"end":{"line":38,"column":66}},"17":{"start":{"line":46,"column":0},"end":{"line":81,"column":2}},"18":{"start":{"line":60,"column":19},"end":{"line":60,"column":40}},"19":{"start":{"line":61,"column":4},"end":{"line":63,"column":5}},"20":{"start":{"line":62,"column":6},"end":{"line":62,"column":62}},"21":{"start":{"line":65,"column":4},"end":{"line":79,"column":5}},"22":{"start":{"line":66,"column":58},"end":{"line":66,"column":66}},"23":{"start":{"line":68,"column":26},"end":{"line":68,"column":79}},"24":{"start":{"line":70,"column":6},"end":{"line":74,"column":9}},"25":{"start":{"line":75,"column":6},"end":{"line":75,"column":28}},"26":{"start":{"line":77,"column":6},"end":{"line":77,"column":45}},"27":{"start":{"line":78,"column":6},"end":{"line":78,"column":69}},"28":{"start":{"line":83,"column":0},"end":{"line":83,"column":24}}},"fnMap":{"0":{"name":"(anonymous_0)","decl":{"start":{"line":18,"column":51},"end":{"line":18,"column":52}},"loc":{"start":{"line":18,"column":71},"end":{"line":40,"column":1}},"line":18},"1":{"name":"(anonymous_1)","decl":{"start":{"line":59,"column":2},"end":{"line":59,"column":3}},"loc":{"start":{"line":59,"column":22},"end":{"line":80,"column":3}},"line":59}},"branchMap":{"0":{"loc":{"start":{"line":20,"column":4},"end":{"line":22,"column":5}},"type":"if","locations":[{"start":{"line":20,"column":4},"end":{"line":22,"column":5}},{"start":{},"end":{}}],"line":20},"1":{"loc":{"start":{"line":24,"column":25},"end":{"line":24,"column":57}},"type":"binary-expr","locations":[{"start":{"line":24,"column":25},"end":{"line":24,"column":46}},{"start":{"line":24,"column":50},"end":{"line":24,"column":57}}],"line":24},"2":{"loc":{"start":{"line":25,"column":21},"end":{"line":25,"column":53}},"type":"binary-expr","locations":[{"start":{"line":25,"column":21},"end":{"line":25,"column":38}},{"start":{"line":25,"column":42},"end":{"line":25,"column":53}}],"line":25},"3":{"loc":{"start":{"line":26,"column":23},"end":{"line":26,"column":70}},"type":"binary-expr","locations":[{"start":{"line":26,"column":23},"end":{"line":26,"column":61}},{"start":{"line":26,"column":65},"end":{"line":26,"column":70}}],"line":26},"4":{"loc":{"start":{"line":61,"column":4},"end":{"line":63,"column":5}},"type":"if","locations":[{"start":{"line":61,"column":4},"end":{"line":63,"column":5}},{"start":{},"end":{}}],"line":61},"5":{"loc":{"start":{"line":66,"column":20},"end":{"line":66,"column":42}},"type":"default-arg","locations":[{"start":{"line":66,"column":35},"end":{"line":66,"column":42}}],"line":66}},"s":{"0":3,"1":3,"2":3,"3":3,"4":3,"5":3,"6":3,"7":0,"8":0,"9":0,"10":0,"11":0,"12":0,"13":0,"14":0,"15":0,"16":0,"17":3,"18":0,"19":0,"20":0,"21":0,"22":0,"23":0,"24":0,"25":0,"26":0,"27":0,"28":3},"f":{"0":0,"1":0},"b":{"0":[0,0],"1":[0,0],"2":[0,0],"3":[0,0],"4":[0,0],"5":[0]},"_coverageSchema":"1a1c01bbd47fc00a2c39e90264f33305004495a9","hash":"b472169afb88bdac60c121851a542e0717757ad7"}
,"E:\\Election app\\-ElectionIQ-Your-Interactive-Election-Process-Assistant\\backend\\src\\services\\firestore.js": {"path":"E:\\Election app\\-ElectionIQ-Your-Interactive-Election-Process-Assistant\\backend\\src\\services\\firestore.js","statementMap":{"0":{"start":{"line":1,"column":18},"end":{"line":1,"column":47}},"1":{"start":{"line":3,"column":28},"end":{"line":3,"column":42}},"2":{"start":{"line":8,"column":23},"end":{"line":17,"column":1}},"3":{"start":{"line":25,"column":13},"end":{"line":25,"column":20}},"4":{"start":{"line":26,"column":17},"end":{"line":26,"column":63}},"5":{"start":{"line":27,"column":14},"end":{"line":27,"column":32}},"6":{"start":{"line":29,"column":2},"end":{"line":38,"column":3}},"7":{"start":{"line":30,"column":20},"end":{"line":35,"column":5}},"8":{"start":{"line":36,"column":4},"end":{"line":36,"column":30}},"9":{"start":{"line":37,"column":4},"end":{"line":37,"column":19}},"10":{"start":{"line":40,"column":2},"end":{"line":40,"column":20}},"11":{"start":{"line":51,"column":13},"end":{"line":51,"column":20}},"12":{"start":{"line":52,"column":17},"end":{"line":52,"column":63}},"13":{"start":{"line":53,"column":14},"end":{"line":53,"column":32}},"14":{"start":{"line":55,"column":23},"end":{"line":55,"column":25}},"15":{"start":{"line":56,"column":2},"end":{"line":58,"column":3}},"16":{"start":{"line":57,"column":4},"end":{"line":57,"column":53}},"17":{"start":{"line":60,"column":2},"end":{"line":64,"column":3}},"18":{"start":{"line":61,"column":4},"end":{"line":61,"column":32}},"19":{"start":{"line":62,"column":9},"end":{"line":64,"column":3}},"20":{"start":{"line":63,"column":4},"end":{"line":63,"column":64}},"21":{"start":{"line":63,"column":50},"end":{"line":63,"column":62}},"22":{"start":{"line":66,"column":18},"end":{"line":70,"column":3}},"23":{"start":{"line":72,"column":2},"end":{"line":72,"column":45}},"24":{"start":{"line":73,"column":2},"end":{"line":73,"column":47}},"25":{"start":{"line":83,"column":13},"end":{"line":83,"column":20}},"26":{"start":{"line":84,"column":17},"end":{"line":88,"column":19}},"27":{"start":{"line":90,"column":2},"end":{"line":93,"column":5}},"28":{"start":{"line":103,"column":13},"end":{"line":103,"column":20}},"29":{"start":{"line":104,"column":17},"end":{"line":108,"column":19}},"30":{"start":{"line":110,"column":14},"end":{"line":110,"column":32}},"31":{"start":{"line":111,"column":2},"end":{"line":111,"column":29}},"32":{"start":{"line":111,"column":19},"end":{"line":111,"column":29}},"33":{"start":{"line":112,"column":2},"end":{"line":112,"column":34}},"34":{"start":{"line":121,"column":13},"end":{"line":121,"column":20}},"35":{"start":{"line":122,"column":2},"end":{"line":125,"column":5}},"36":{"start":{"line":128,"column":0},"end":{"line":135,"column":2}}},"fnMap":{"0":{"name":"getUserProgress","decl":{"start":{"line":24,"column":15},"end":{"line":24,"column":30}},"loc":{"start":{"line":24,"column":39},"end":{"line":41,"column":1}},"line":24},"1":{"name":"updateStepProgress","decl":{"start":{"line":50,"column":15},"end":{"line":50,"column":33}},"loc":{"start":{"line":50,"column":61},"end":{"line":74,"column":1}},"line":50},"2":{"name":"(anonymous_2)","decl":{"start":{"line":63,"column":43},"end":{"line":63,"column":44}},"loc":{"start":{"line":63,"column":50},"end":{"line":63,"column":62}},"line":63},"3":{"name":"saveChatHistory","decl":{"start":{"line":82,"column":15},"end":{"line":82,"column":30}},"loc":{"start":{"line":82,"column":59},"end":{"line":94,"column":1}},"line":82},"4":{"name":"getChatHistory","decl":{"start":{"line":102,"column":15},"end":{"line":102,"column":29}},"loc":{"start":{"line":102,"column":49},"end":{"line":113,"column":1}},"line":102},"5":{"name":"saveQuizResult","decl":{"start":{"line":120,"column":15},"end":{"line":120,"column":29}},"loc":{"start":{"line":120,"column":46},"end":{"line":126,"column":1}},"line":120}},"branchMap":{"0":{"loc":{"start":{"line":29,"column":2},"end":{"line":38,"column":3}},"type":"if","locations":[{"start":{"line":29,"column":2},"end":{"line":38,"column":3}},{"start":{},"end":{}}],"line":29},"1":{"loc":{"start":{"line":56,"column":2},"end":{"line":58,"column":3}},"type":"if","locations":[{"start":{"line":56,"column":2},"end":{"line":58,"column":3}},{"start":{},"end":{}}],"line":56},"2":{"loc":{"start":{"line":57,"column":21},"end":{"line":57,"column":52}},"type":"binary-expr","locations":[{"start":{"line":57,"column":21},"end":{"line":57,"column":46}},{"start":{"line":57,"column":50},"end":{"line":57,"column":52}}],"line":57},"3":{"loc":{"start":{"line":60,"column":2},"end":{"line":64,"column":3}},"type":"if","locations":[{"start":{"line":60,"column":2},"end":{"line":64,"column":3}},{"start":{"line":62,"column":9},"end":{"line":64,"column":3}}],"line":60},"4":{"loc":{"start":{"line":60,"column":6},"end":{"line":60,"column":51}},"type":"binary-expr","locations":[{"start":{"line":60,"column":6},"end":{"line":60,"column":15}},{"start":{"line":60,"column":19},"end":{"line":60,"column":51}}],"line":60},"5":{"loc":{"start":{"line":62,"column":9},"end":{"line":64,"column":3}},"type":"if","locations":[{"start":{"line":62,"column":9},"end":{"line":64,"column":3}},{"start":{},"end":{}}],"line":62},"6":{"loc":{"start":{"line":111,"column":2},"end":{"line":111,"column":29}},"type":"if","locations":[{"start":{"line":111,"column":2},"end":{"line":111,"column":29}},{"start":{},"end":{}}],"line":111},"7":{"loc":{"start":{"line":112,"column":9},"end":{"line":112,"column":33}},"type":"binary-expr","locations":[{"start":{"line":112,"column":9},"end":{"line":112,"column":27}},{"start":{"line":112,"column":31},"end":{"line":112,"column":33}}],"line":112}},"s":{"0":1,"1":1,"2":1,"3":0,"4":0,"5":0,"6":0,"7":0,"8":0,"9":0,"10":0,"11":0,"12":0,"13":0,"14":0,"15":0,"16":0,"17":0,"18":0,"19":0,"20":0,"21":0,"22":0,"23":0,"24":0,"25":0,"26":0,"27":0,"28":0,"29":0,"30":0,"31":0,"32":0,"33":0,"34":0,"35":0,"36":1},"f":{"0":0,"1":0,"2":0,"3":0,"4":0,"5":0},"b":{"0":[0,0],"1":[0,0],"2":[0,0],"3":[0,0],"4":[0,0],"5":[0,0],"6":[0,0],"7":[0,0]},"_coverageSchema":"1a1c01bbd47fc00a2c39e90264f33305004495a9","hash":"00be56ca298ef38796a7b1c98adb5ec3e81b3326"}
,"E:\\Election app\\-ElectionIQ-Your-Interactive-Election-Process-Assistant\\backend\\src\\services\\speech.js": {"path":"E:\\Election app\\-ElectionIQ-Your-Interactive-Election-Process-Assistant\\backend\\src\\services\\speech.js","statementMap":{"0":{"start":{"line":1,"column":15},"end":{"line":1,"column":46}},"1":{"start":{"line":2,"column":21},"end":{"line":2,"column":60}},"2":{"start":{"line":4,"column":19},"end":{"line":4,"column":23}},"3":{"start":{"line":5,"column":16},"end":{"line":5,"column":20}},"4":{"start":{"line":8,"column":2},"end":{"line":10,"column":3}},"5":{"start":{"line":9,"column":4},"end":{"line":9,"column":45}},"6":{"start":{"line":11,"column":2},"end":{"line":11,"column":22}},"7":{"start":{"line":15,"column":2},"end":{"line":17,"column":3}},"8":{"start":{"line":16,"column":4},"end":{"line":16,"column":54}},"9":{"start":{"line":18,"column":2},"end":{"line":18,"column":19}},"10":{"start":{"line":35,"column":17},"end":{"line":35,"column":34}},"11":{"start":{"line":37,"column":18},"end":{"line":46,"column":3}},"12":{"start":{"line":48,"column":21},"end":{"line":48,"column":52}},"13":{"start":{"line":49,"column":24},"end":{"line":51,"column":14}},"14":{"start":{"line":50,"column":21},"end":{"line":50,"column":54}},"15":{"start":{"line":53,"column":2},"end":{"line":53,"column":29}},"16":{"start":{"line":64,"column":17},"end":{"line":64,"column":31}},"17":{"start":{"line":66,"column":18},"end":{"line":78,"column":3}},"18":{"start":{"line":80,"column":21},"end":{"line":80,"column":59}},"19":{"start":{"line":81,"column":2},"end":{"line":81,"column":31}},"20":{"start":{"line":90,"column":19},"end":{"line":100,"column":3}},"21":{"start":{"line":101,"column":2},"end":{"line":101,"column":53}},"22":{"start":{"line":104,"column":0},"end":{"line":104,"column":76}}},"fnMap":{"0":{"name":"getSpeechClient","decl":{"start":{"line":7,"column":9},"end":{"line":7,"column":24}},"loc":{"start":{"line":7,"column":27},"end":{"line":12,"column":1}},"line":7},"1":{"name":"getTTSClient","decl":{"start":{"line":14,"column":9},"end":{"line":14,"column":21}},"loc":{"start":{"line":14,"column":24},"end":{"line":19,"column":1}},"line":14},"2":{"name":"transcribeAudio","decl":{"start":{"line":29,"column":15},"end":{"line":29,"column":30}},"loc":{"start":{"line":34,"column":2},"end":{"line":54,"column":1}},"line":34},"3":{"name":"(anonymous_3)","decl":{"start":{"line":50,"column":9},"end":{"line":50,"column":10}},"loc":{"start":{"line":50,"column":21},"end":{"line":50,"column":54}},"line":50},"4":{"name":"synthesizeSpeech","decl":{"start":{"line":63,"column":15},"end":{"line":63,"column":31}},"loc":{"start":{"line":63,"column":80},"end":{"line":82,"column":1}},"line":63},"5":{"name":"getVoiceForLanguage","decl":{"start":{"line":89,"column":9},"end":{"line":89,"column":28}},"loc":{"start":{"line":89,"column":43},"end":{"line":102,"column":1}},"line":89}},"branchMap":{"0":{"loc":{"start":{"line":8,"column":2},"end":{"line":10,"column":3}},"type":"if","locations":[{"start":{"line":8,"column":2},"end":{"line":10,"column":3}},{"start":{},"end":{}}],"line":8},"1":{"loc":{"start":{"line":15,"column":2},"end":{"line":17,"column":3}},"type":"if","locations":[{"start":{"line":15,"column":2},"end":{"line":17,"column":3}},{"start":{},"end":{}}],"line":15},"2":{"loc":{"start":{"line":31,"column":2},"end":{"line":31,"column":24}},"type":"default-arg","locations":[{"start":{"line":31,"column":17},"end":{"line":31,"column":24}}],"line":31},"3":{"loc":{"start":{"line":32,"column":2},"end":{"line":32,"column":24}},"type":"default-arg","locations":[{"start":{"line":32,"column":13},"end":{"line":32,"column":24}}],"line":32},"4":{"loc":{"start":{"line":33,"column":2},"end":{"line":33,"column":25}},"type":"default-arg","locations":[{"start":{"line":33,"column":20},"end":{"line":33,"column":25}}],"line":33},"5":{"loc":{"start":{"line":53,"column":9},"end":{"line":53,"column":28}},"type":"binary-expr","locations":[{"start":{"line":53,"column":9},"end":{"line":53,"column":22}},{"start":{"line":53,"column":26},"end":{"line":53,"column":28}}],"line":53},"6":{"loc":{"start":{"line":63,"column":38},"end":{"line":63,"column":60}},"type":"default-arg","locations":[{"start":{"line":63,"column":53},"end":{"line":63,"column":60}}],"line":63},"7":{"loc":{"start":{"line":63,"column":62},"end":{"line":63,"column":78}},"type":"default-arg","locations":[{"start":{"line":63,"column":74},"end":{"line":63,"column":78}}],"line":63},"8":{"loc":{"start":{"line":70,"column":12},"end":{"line":70,"column":58}},"type":"binary-expr","locations":[{"start":{"line":70,"column":12},"end":{"line":70,"column":21}},{"start":{"line":70,"column":25},"end":{"line":70,"column":58}}],"line":70},"9":{"loc":{"start":{"line":101,"column":9},"end":{"line":101,"column":52}},"type":"binary-expr","locations":[{"start":{"line":101,"column":9},"end":{"line":101,"column":31}},{"start":{"line":101,"column":35},"end":{"line":101,"column":52}}],"line":101}},"s":{"0":3,"1":3,"2":3,"3":3,"4":0,"5":0,"6":0,"7":0,"8":0,"9":0,"10":0,"11":0,"12":0,"13":0,"14":0,"15":0,"16":0,"17":0,"18":0,"19":0,"20":0,"21":0,"22":3},"f":{"0":0,"1":0,"2":0,"3":0,"4":0,"5":0},"b":{"0":[0,0],"1":[0,0],"2":[0],"3":[0],"4":[0],"5":[0,0],"6":[0],"7":[0],"8":[0,0],"9":[0,0]},"_coverageSchema":"1a1c01bbd47fc00a2c39e90264f33305004495a9","hash":"e6ed44741a117803ce7b22cc458c5f227df0bc7c"}
,"E:\\Election app\\-ElectionIQ-Your-Interactive-Election-Process-Assistant\\backend\\src\\services\\translation.js": {"path":"E:\\Election app\\-ElectionIQ-Your-Interactive-Election-Process-Assistant\\backend\\src\\services\\translation.js","statementMap":{"0":{"start":{"line":1,"column":22},"end":{"line":1,"column":59}},"1":{"start":{"line":3,"column":22},"end":{"line":3,"column":26}},"2":{"start":{"line":6,"column":2},"end":{"line":10,"column":3}},"3":{"start":{"line":7,"column":4},"end":{"line":9,"column":7}},"4":{"start":{"line":11,"column":2},"end":{"line":11,"column":25}},"5":{"start":{"line":22,"column":17},"end":{"line":22,"column":37}},"6":{"start":{"line":24,"column":18},"end":{"line":24,"column":40}},"7":{"start":{"line":25,"column":2},"end":{"line":25,"column":52}},"8":{"start":{"line":25,"column":22},"end":{"line":25,"column":52}},"9":{"start":{"line":27,"column":34},"end":{"line":27,"column":71}},"10":{"start":{"line":29,"column":2},"end":{"line":32,"column":4}},"11":{"start":{"line":41,"column":17},"end":{"line":41,"column":37}},"12":{"start":{"line":42,"column":23},"end":{"line":42,"column":48}},"13":{"start":{"line":43,"column":20},"end":{"line":43,"column":74}},"14":{"start":{"line":44,"column":2},"end":{"line":47,"column":4}},"15":{"start":{"line":55,"column":17},"end":{"line":55,"column":37}},"16":{"start":{"line":56,"column":22},"end":{"line":56,"column":49}},"17":{"start":{"line":57,"column":2},"end":{"line":57,"column":64}},"18":{"start":{"line":57,"column":31},"end":{"line":57,"column":61}},"19":{"start":{"line":61,"column":31},"end":{"line":71,"column":1}},"20":{"start":{"line":73,"column":0},"end":{"line":73,"column":98}}},"fnMap":{"0":{"name":"getTranslateClient","decl":{"start":{"line":5,"column":9},"end":{"line":5,"column":27}},"loc":{"start":{"line":5,"column":30},"end":{"line":12,"column":1}},"line":5},"1":{"name":"translateText","decl":{"start":{"line":21,"column":15},"end":{"line":21,"column":28}},"loc":{"start":{"line":21,"column":74},"end":{"line":33,"column":1}},"line":21},"2":{"name":"detectLanguage","decl":{"start":{"line":40,"column":15},"end":{"line":40,"column":29}},"loc":{"start":{"line":40,"column":36},"end":{"line":48,"column":1}},"line":40},"3":{"name":"getSupportedLanguages","decl":{"start":{"line":54,"column":15},"end":{"line":54,"column":36}},"loc":{"start":{"line":54,"column":39},"end":{"line":58,"column":1}},"line":54},"4":{"name":"(anonymous_4)","decl":{"start":{"line":57,"column":23},"end":{"line":57,"column":24}},"loc":{"start":{"line":57,"column":31},"end":{"line":57,"column":61}},"line":57}},"branchMap":{"0":{"loc":{"start":{"line":6,"column":2},"end":{"line":10,"column":3}},"type":"if","locations":[{"start":{"line":6,"column":2},"end":{"line":10,"column":3}},{"start":{},"end":{}}],"line":6},"1":{"loc":{"start":{"line":21,"column":51},"end":{"line":21,"column":72}},"type":"default-arg","locations":[{"start":{"line":21,"column":68},"end":{"line":21,"column":72}}],"line":21},"2":{"loc":{"start":{"line":25,"column":2},"end":{"line":25,"column":52}},"type":"if","locations":[{"start":{"line":25,"column":2},"end":{"line":25,"column":52}},{"start":{},"end":{}}],"line":25},"3":{"loc":{"start":{"line":31,"column":22},"end":{"line":31,"column":97}},"type":"binary-expr","locations":[{"start":{"line":31,"column":22},"end":{"line":31,"column":79}},{"start":{"line":31,"column":83},"end":{"line":31,"column":97}}],"line":31},"4":{"loc":{"start":{"line":43,"column":20},"end":{"line":43,"column":74}},"type":"cond-expr","locations":[{"start":{"line":43,"column":48},"end":{"line":43,"column":61}},{"start":{"line":43,"column":64},"end":{"line":43,"column":74}}],"line":43}},"s":{"0":3,"1":3,"2":0,"3":0,"4":0,"5":0,"6":0,"7":0,"8":0,"9":0,"10":0,"11":0,"12":0,"13":0,"14":0,"15":0,"16":0,"17":0,"18":0,"19":3,"20":3},"f":{"0":0,"1":0,"2":0,"3":0,"4":0},"b":{"0":[0,0],"1":[0],"2":[0,0],"3":[0,0],"4":[0,0]},"_coverageSchema":"1a1c01bbd47fc00a2c39e90264f33305004495a9","hash":"454a316056252ab541a55a1a0324332930e49bb7"}
,"E:\\Election app\\-ElectionIQ-Your-Interactive-Election-Process-Assistant\\backend\\src\\services\\vertexai.js": {"path":"E:\\Election app\\-ElectionIQ-Your-Interactive-Election-Process-Assistant\\backend\\src\\services\\vertexai.js","statementMap":{"0":{"start":{"line":6,"column":23},"end":{"line":6,"column":49}},"1":{"start":{"line":9,"column":29},"end":{"line":15,"column":1}},"2":{"start":{"line":18,"column":15},"end":{"line":18,"column":49}},"3":{"start":{"line":20,"column":27},"end":{"line":31,"column":97}},"4":{"start":{"line":37,"column":2},"end":{"line":39,"column":3}},"5":{"start":{"line":38,"column":4},"end":{"line":38,"column":75}},"6":{"start":{"line":41,"column":14},"end":{"line":41,"column":118}},"7":{"start":{"line":43,"column":15},"end":{"line":60,"column":3}},"8":{"start":{"line":62,"column":19},"end":{"line":66,"column":4}},"9":{"start":{"line":68,"column":2},"end":{"line":74,"column":3}},"10":{"start":{"line":69,"column":16},"end":{"line":69,"column":55}},"11":{"start":{"line":69,"column":51},"end":{"line":69,"column":53}},"12":{"start":{"line":70,"column":18},"end":{"line":70,"column":66}},"13":{"start":{"line":71,"column":4},"end":{"line":71,"column":35}},"14":{"start":{"line":72,"column":4},"end":{"line":72,"column":24}},"15":{"start":{"line":73,"column":4},"end":{"line":73,"column":16}},"16":{"start":{"line":76,"column":15},"end":{"line":76,"column":36}},"17":{"start":{"line":77,"column":2},"end":{"line":77,"column":50}},"18":{"start":{"line":86,"column":2},"end":{"line":101,"column":3}},"19":{"start":{"line":87,"column":4},"end":{"line":100,"column":5}},"20":{"start":{"line":88,"column":6},"end":{"line":88,"column":53}},"21":{"start":{"line":89,"column":19},"end":{"line":89,"column":75}},"22":{"start":{"line":90,"column":6},"end":{"line":90,"column":59}},"23":{"start":{"line":91,"column":6},"end":{"line":91,"column":18}},"24":{"start":{"line":93,"column":6},"end":{"line":93,"column":22}},"25":{"start":{"line":94,"column":6},"end":{"line":97,"column":7}},"26":{"start":{"line":95,"column":8},"end":{"line":95,"column":82}},"27":{"start":{"line":96,"column":8},"end":{"line":96,"column":17}},"28":{"start":{"line":99,"column":6},"end":{"line":99,"column":16}},"29":{"start":{"line":104,"column":2},"end":{"line":104,"column":55}},"30":{"start":{"line":105,"column":2},"end":{"line":105,"column":102}},"31":{"start":{"line":112,"column":19},"end":{"line":115,"column":3}},"32":{"start":{"line":117,"column":23},"end":{"line":117,"column":49}},"33":{"start":{"line":119,"column":25},"end":{"line":123,"column":3}},"34":{"start":{"line":125,"column":2},"end":{"line":125,"column":52}},"35":{"start":{"line":132,"column":17},"end":{"line":139,"column":2}},"36":{"start":{"line":141,"column":15},"end":{"line":141,"column":78}},"37":{"start":{"line":142,"column":18},"end":{"line":142,"column":63}},"38":{"start":{"line":143,"column":2},"end":{"line":143,"column":29}},"39":{"start":{"line":150,"column":17},"end":{"line":156,"column":131}},"40":{"start":{"line":158,"column":2},"end":{"line":158,"column":67}},"41":{"start":{"line":161,"column":0},"end":{"line":161,"column":78}}},"fnMap":{"0":{"name":"callGeminiModel","decl":{"start":{"line":36,"column":15},"end":{"line":36,"column":30}},"loc":{"start":{"line":36,"column":71},"end":{"line":78,"column":1}},"line":36},"1":{"name":"(anonymous_1)","decl":{"start":{"line":69,"column":44},"end":{"line":69,"column":45}},"loc":{"start":{"line":69,"column":51},"end":{"line":69,"column":53}},"line":69},"2":{"name":"callGemini","decl":{"start":{"line":83,"column":15},"end":{"line":83,"column":25}},"loc":{"start":{"line":83,"column":59},"end":{"line":106,"column":1}},"line":83},"3":{"name":"sendChatMessage","decl":{"start":{"line":111,"column":15},"end":{"line":111,"column":30}},"loc":{"start":{"line":111,"column":53},"end":{"line":126,"column":1}},"line":111},"4":{"name":"generateQuizQuestion","decl":{"start":{"line":131,"column":15},"end":{"line":131,"column":35}},"loc":{"start":{"line":131,"column":55},"end":{"line":144,"column":1}},"line":131},"5":{"name":"explainQuizAnswer","decl":{"start":{"line":149,"column":15},"end":{"line":149,"column":32}},"loc":{"start":{"line":149,"column":85},"end":{"line":159,"column":1}},"line":149}},"branchMap":{"0":{"loc":{"start":{"line":10,"column":2},"end":{"line":10,"column":48}},"type":"binary-expr","locations":[{"start":{"line":10,"column":2},"end":{"line":10,"column":26}},{"start":{"line":10,"column":30},"end":{"line":10,"column":48}}],"line":10},"1":{"loc":{"start":{"line":36,"column":48},"end":{"line":36,"column":69}},"type":"default-arg","locations":[{"start":{"line":36,"column":67},"end":{"line":36,"column":69}}],"line":36},"2":{"loc":{"start":{"line":37,"column":2},"end":{"line":39,"column":3}},"type":"if","locations":[{"start":{"line":37,"column":2},"end":{"line":39,"column":3}},{"start":{},"end":{}}],"line":37},"3":{"loc":{"start":{"line":68,"column":2},"end":{"line":74,"column":3}},"type":"if","locations":[{"start":{"line":68,"column":2},"end":{"line":74,"column":3}},{"start":{},"end":{}}],"line":68},"4":{"loc":{"start":{"line":83,"column":36},"end":{"line":83,"column":57}},"type":"default-arg","locations":[{"start":{"line":83,"column":55},"end":{"line":83,"column":57}}],"line":83},"5":{"loc":{"start":{"line":94,"column":6},"end":{"line":97,"column":7}},"type":"if","locations":[{"start":{"line":94,"column":6},"end":{"line":97,"column":7}},{"start":{},"end":{}}],"line":94},"6":{"loc":{"start":{"line":94,"column":10},"end":{"line":94,"column":50}},"type":"binary-expr","locations":[{"start":{"line":94,"column":10},"end":{"line":94,"column":28}},{"start":{"line":94,"column":32},"end":{"line":94,"column":50}}],"line":94},"7":{"loc":{"start":{"line":113,"column":8},"end":{"line":113,"column":21}},"type":"binary-expr","locations":[{"start":{"line":113,"column":8},"end":{"line":113,"column":15}},{"start":{"line":113,"column":19},"end":{"line":113,"column":21}}],"line":113},"8":{"loc":{"start":{"line":120,"column":8},"end":{"line":120,"column":21}},"type":"binary-expr","locations":[{"start":{"line":120,"column":8},"end":{"line":120,"column":15}},{"start":{"line":120,"column":19},"end":{"line":120,"column":21}}],"line":120},"9":{"loc":{"start":{"line":154,"column":10},"end":{"line":154,"column":46}},"type":"cond-expr","locations":[{"start":{"line":154,"column":22},"end":{"line":154,"column":32}},{"start":{"line":154,"column":35},"end":{"line":154,"column":46}}],"line":154}},"s":{"0":1,"1":1,"2":1,"3":1,"4":0,"5":0,"6":0,"7":0,"8":0,"9":0,"10":0,"11":0,"12":0,"13":0,"14":0,"15":0,"16":0,"17":0,"18":0,"19":0,"20":0,"21":0,"22":0,"23":0,"24":0,"25":0,"26":0,"27":0,"28":0,"29":0,"30":0,"31":0,"32":0,"33":0,"34":0,"35":0,"36":0,"37":0,"38":0,"39":0,"40":0,"41":1},"f":{"0":0,"1":0,"2":0,"3":0,"4":0,"5":0},"b":{"0":[1,0],"1":[0],"2":[0,0],"3":[0,0],"4":[0],"5":[0,0],"6":[0,0],"7":[0,0],"8":[0,0],"9":[0,0]},"_coverageSchema":"1a1c01bbd47fc00a2c39e90264f33305004495a9","hash":"a809c053f0b22f5a5d280568f9553d513ade09cc"}
}
