TN:
SF:src\config\firebase.js
FN:10,initializeFirebase
FN:31,getDb
FNF:2
FNH:0
FNDA:0,initializeFirebase
FNDA:0,getDb
DA:1,1
DA:3,1
DA:11,0
DA:12,0
DA:13,0
DA:17,0
DA:19,0
DA:20,0
DA:23,0
DA:24,0
DA:32,0
DA:33,0
DA:35,0
DA:38,1
LF:14
LH:3
BRDA:11,0,0,0
BRDA:11,0,1,0
BRDA:32,1,0,0
BRDA:32,1,1,0
BRF:4
BRH:0
end_of_record
TN:
SF:src\routes\calendar.js
FN:9,(anonymous_0)
FNF:1
FNH:0
FNDA:0,(anonymous_0)
DA:1,3
DA:2,3
DA:9,3
DA:10,0
DA:12,0
DA:85,0
DA:88,3
LF:7
LH:4
BRDA:10,0,0,0
BRDA:10,0,1,0
BRF:2
BRH:0
end_of_record
TN:
SF:src\routes\chat.js
FN:32,(anonymous_0)
FN:83,(anonymous_1)
FNF:2
FNH:2
FNDA:5,(anonymous_0)
FNDA:1,(anonymous_1)
DA:1,3
DA:2,3
DA:3,3
DA:4,3
DA:6,3
DA:12,3
DA:33,5
DA:34,5
DA:35,3
DA:36,3
DA:39,2
DA:40,2
DA:43,2
DA:44,2
DA:45,0
DA:46,0
DA:48,0
DA:52,2
DA:55,2
DA:56,0
DA:57,0
DA:59,0
DA:63,2
DA:68,0
DA:69,0
DA:70,0
DA:83,3
DA:84,1
DA:85,1
DA:86,1
DA:87,1
DA:89,0
DA:90,0
DA:94,3
LF:34
LH:23
BRDA:34,0,0,3
BRDA:34,0,1,2
BRDA:36,1,0,3
BRDA:36,1,1,0
BRDA:43,2,0,2
BRDA:43,2,1,1
BRDA:44,3,0,0
BRDA:44,3,1,2
BRDA:44,4,0,2
BRDA:44,4,1,0
BRDA:44,4,2,0
BRDA:55,5,0,0
BRDA:55,5,1,2
BRDA:55,6,0,2
BRDA:55,6,1,0
BRDA:69,7,0,0
BRDA:69,7,1,0
BRDA:71,8,0,0
BRDA:71,8,1,0
BRF:19
BRH:9
end_of_record
TN:
SF:src\routes\health.js
FN:4,(anonymous_0)
FNF:1
FNH:1
FNDA:1,(anonymous_0)
DA:1,3
DA:2,3
DA:4,3
DA:5,1
DA:13,3
LF:5
LH:5
BRF:0
BRH:0
end_of_record
TN:
SF:src\routes\progress.js
FN:11,(anonymous_0)
FN:22,(anonymous_1)
FN:49,(anonymous_2)
FN:53,(anonymous_3)
FNF:4
FNH:1
FNDA:0,(anonymous_0)
FNDA:0,(anonymous_1)
FNDA:8,(anonymous_2)
FNDA:0,(anonymous_3)
DA:1,3
DA:2,3
DA:3,3
DA:5,3
DA:11,3
DA:12,0
DA:19,3
DA:23,0
DA:24,0
DA:25,0
DA:28,0
DA:29,0
DA:30,0
DA:32,0
DA:33,0
DA:42,3
DA:49,8
DA:54,0
DA:55,0
DA:56,0
DA:59,0
DA:60,0
DA:61,0
DA:62,0
DA:64,0
DA:65,0
DA:70,3
LF:27
LH:9
BRDA:24,0,0,0
BRDA:24,0,1,0
BRDA:55,1,0,0
BRDA:55,1,1,0
BRF:4
BRH:0
end_of_record
TN:
SF:src\routes\quiz.js
FN:27,(anonymous_0)
FN:47,(anonymous_1)
FN:78,(anonymous_2)
FN:108,(anonymous_3)
FNF:4
FNH:3
FNDA:1,(anonymous_0)
FNDA:3,(anonymous_1)
FNDA:2,(anonymous_2)
FNDA:0,(anonymous_3)
DA:1,3
DA:2,3
DA:3,3
DA:4,3
DA:6,3
DA:8,3
DA:27,3
DA:28,1
DA:35,3
DA:48,3
DA:49,3
DA:50,1
DA:53,2
DA:54,2
DA:55,2
DA:57,2
DA:58,2
DA:60,0
DA:61,0
DA:70,3
DA:79,2
DA:80,2
DA:81,1
DA:84,1
DA:85,1
DA:86,1
DA:87,1
DA:89,0
DA:90,0
DA:99,3
DA:109,0
DA:110,0
DA:111,0
DA:114,0
DA:115,0
DA:116,0
DA:117,0
DA:119,0
DA:120,0
DA:125,3
LF:40
LH:27
BRDA:49,0,0,1
BRDA:49,0,1,2
BRDA:54,1,0,2
BRDA:54,1,1,1
BRDA:55,2,0,2
BRDA:55,2,1,0
BRDA:80,3,0,1
BRDA:80,3,1,1
BRDA:110,4,0,0
BRDA:110,4,1,0
BRF:10
BRH:7
end_of_record
TN:
SF:src\routes\translation.js
FN:29,(anonymous_0)
FN:58,(anonymous_1)
FN:79,(anonymous_2)
FN:87,(anonymous_3)
FNF:4
FNH:0
FNDA:0,(anonymous_0)
FNDA:0,(anonymous_1)
FNDA:0,(anonymous_2)
FNDA:0,(anonymous_3)
DA:1,3
DA:2,3
DA:3,3
DA:5,3
DA:11,3
DA:30,0
DA:31,0
DA:32,0
DA:35,0
DA:36,0
DA:37,0
DA:38,0
DA:40,0
DA:41,0
DA:50,3
DA:59,0
DA:60,0
DA:61,0
DA:64,0
DA:65,0
DA:66,0
DA:67,0
DA:69,0
DA:70,0
DA:79,3
DA:80,0
DA:87,3
DA:88,0
DA:89,0
DA:90,0
DA:92,0
DA:93,0
DA:97,3
LF:33
LH:9
BRDA:31,0,0,0
BRDA:31,0,1,0
BRDA:60,1,0,0
BRDA:60,1,1,0
BRF:4
BRH:0
end_of_record
TN:
SF:src\routes\voice.js
FN:18,(anonymous_0)
FN:59,(anonymous_1)
FNF:2
FNH:0
FNDA:0,(anonymous_0)
FNDA:0,(anonymous_1)
DA:1,3
DA:2,3
DA:3,3
DA:4,3
DA:6,3
DA:9,3
DA:18,3
DA:19,0
DA:20,0
DA:21,0
DA:24,0
DA:25,0
DA:26,0
DA:28,0
DA:35,0
DA:37,0
DA:38,0
DA:46,3
DA:60,0
DA:61,0
DA:62,0
DA:65,0
DA:66,0
DA:68,0
DA:70,0
DA:75,0
DA:77,0
DA:78,0
DA:83,3
LF:29
LH:9
BRDA:20,0,0,0
BRDA:20,0,1,0
BRDA:24,1,0,0
BRDA:24,1,1,0
BRDA:25,2,0,0
BRDA:25,2,1,0
BRDA:26,3,0,0
BRDA:26,3,1,0
BRDA:61,4,0,0
BRDA:61,4,1,0
BRDA:66,5,0,0
BRF:11
BRH:0
end_of_record
TN:
SF:src\services\firestore.js
FN:24,getUserProgress
FN:50,updateStepProgress
FN:63,(anonymous_2)
FN:82,saveChatHistory
FN:102,getChatHistory
FN:120,saveQuizResult
FNF:6
FNH:0
FNDA:0,getUserProgress
FNDA:0,updateStepProgress
FNDA:0,(anonymous_2)
FNDA:0,saveChatHistory
FNDA:0,getChatHistory
FNDA:0,saveQuizResult
DA:1,1
DA:3,1
DA:8,1
DA:25,0
DA:26,0
DA:27,0
DA:29,0
DA:30,0
DA:36,0
DA:37,0
DA:40,0
DA:51,0
DA:52,0
DA:53,0
DA:55,0
DA:56,0
DA:57,0
DA:60,0
DA:61,0
DA:62,0
DA:63,0
DA:66,0
DA:72,0
DA:73,0
DA:83,0
DA:84,0
DA:90,0
DA:103,0
DA:104,0
DA:110,0
DA:111,0
DA:112,0
DA:121,0
DA:122,0
DA:128,1
LF:35
LH:4
BRDA:29,0,0,0
BRDA:29,0,1,0
BRDA:56,1,0,0
BRDA:56,1,1,0
BRDA:57,2,0,0
BRDA:57,2,1,0
BRDA:60,3,0,0
BRDA:60,3,1,0
BRDA:60,4,0,0
BRDA:60,4,1,0
BRDA:62,5,0,0
BRDA:62,5,1,0
BRDA:111,6,0,0
BRDA:111,6,1,0
BRDA:112,7,0,0
BRDA:112,7,1,0
BRF:16
BRH:0
end_of_record
TN:
SF:src\services\speech.js
FN:7,getSpeechClient
FN:14,getTTSClient
FN:29,transcribeAudio
FN:50,(anonymous_3)
FN:63,synthesizeSpeech
FN:89,getVoiceForLanguage
FNF:6
FNH:0
FNDA:0,getSpeechClient
FNDA:0,getTTSClient
FNDA:0,transcribeAudio
FNDA:0,(anonymous_3)
FNDA:0,synthesizeSpeech
FNDA:0,getVoiceForLanguage
DA:1,3
DA:2,3
DA:4,3
DA:5,3
DA:8,0
DA:9,0
DA:11,0
DA:15,0
DA:16,0
DA:18,0
DA:35,0
DA:37,0
DA:48,0
DA:49,0
DA:50,0
DA:53,0
DA:64,0
DA:66,0
DA:80,0
DA:81,0
DA:90,0
DA:101,0
DA:104,3
LF:23
LH:5
BRDA:8,0,0,0
BRDA:8,0,1,0
BRDA:15,1,0,0
BRDA:15,1,1,0
BRDA:31,2,0,0
BRDA:32,3,0,0
BRDA:33,4,0,0
BRDA:53,5,0,0
BRDA:53,5,1,0
BRDA:63,6,0,0
BRDA:63,7,0,0
BRDA:70,8,0,0
BRDA:70,8,1,0
BRDA:101,9,0,0
BRDA:101,9,1,0
BRF:15
BRH:0
end_of_record
TN:
SF:src\services\translation.js
FN:5,getTranslateClient
FN:21,translateText
FN:40,detectLanguage
FN:54,getSupportedLanguages
FN:57,(anonymous_4)
FNF:5
FNH:0
FNDA:0,getTranslateClient
FNDA:0,translateText
FNDA:0,detectLanguage
FNDA:0,getSupportedLanguages
FNDA:0,(anonymous_4)
DA:1,3
DA:3,3
DA:6,0
DA:7,0
DA:11,0
DA:22,0
DA:24,0
DA:25,0
DA:27,0
DA:29,0
DA:41,0
DA:42,0
DA:43,0
DA:44,0
DA:55,0
DA:56,0
DA:57,0
DA:61,3
DA:73,3
LF:19
LH:4
BRDA:6,0,0,0
BRDA:6,0,1,0
BRDA:21,1,0,0
BRDA:25,2,0,0
BRDA:25,2,1,0
BRDA:31,3,0,0
BRDA:31,3,1,0
BRDA:43,4,0,0
BRDA:43,4,1,0
BRF:9
BRH:0
end_of_record
TN:
SF:src\services\vertexai.js
FN:36,callGeminiModel
FN:69,(anonymous_1)
FN:83,callGemini
FN:111,sendChatMessage
FN:131,generateQuizQuestion
FN:149,explainQuizAnswer
FNF:6
FNH:0
FNDA:0,callGeminiModel
FNDA:0,(anonymous_1)
FNDA:0,callGemini
FNDA:0,sendChatMessage
FNDA:0,generateQuizQuestion
FNDA:0,explainQuizAnswer
DA:6,1
DA:9,1
DA:18,1
DA:20,1
DA:37,0
DA:38,0
DA:41,0
DA:43,0
DA:62,0
DA:68,0
DA:69,0
DA:70,0
DA:71,0
DA:72,0
DA:73,0
DA:76,0
DA:77,0
DA:86,0
DA:87,0
DA:88,0
DA:89,0
DA:90,0
DA:91,0
DA:93,0
DA:94,0
DA:95,0
DA:96,0
DA:99,0
DA:104,0
DA:105,0
DA:112,0
DA:117,0
DA:119,0
DA:125,0
DA:132,0
DA:141,0
DA:142,0
DA:143,0
DA:150,0
DA:158,0
DA:161,1
LF:41
LH:5
BRDA:10,0,0,1
BRDA:10,0,1,0
BRDA:36,1,0,0
BRDA:37,2,0,0
BRDA:37,2,1,0
BRDA:68,3,0,0
BRDA:68,3,1,0
BRDA:83,4,0,0
BRDA:94,5,0,0
BRDA:94,5,1,0
BRDA:94,6,0,0
BRDA:94,6,1,0
BRDA:113,7,0,0
BRDA:113,7,1,0
BRDA:120,8,0,0
BRDA:120,8,1,0
BRDA:154,9,0,0
BRDA:154,9,1,0
BRF:18
BRH:1
end_of_record
